✅ Credentials geladen: bg_289d1...
✅ BitgetClient initialisiert [LIVE]
📈 APEX Tages-Abschluss

💰 Balance: $48.20 USDT
📉 Gesamt P&L: -$20.13 (-29.46%)
(Start: $68.33)

📋 Trades heute: 3
  ETH LONG @ $2,007.00 (tokyo)
  SOL LONG @ $83.97 (eu)
  ETH LONG @ $2,023.58 (us)

📊 Offene Positionen: 1
  ETH LONG | Entry: $2,023.55 | 🔴 $-0.15
✅ Telegram message sent
NO_REPLY
✅ Credentials geladen: bg_289d1...
✅ BitgetClient initialisiert [LIVE]
📈 APEX Tages-Abschluss

💰 Balance: $48.20 USDT
📉 Gesamt P&L: -$20.13 (-29.46%)
(Start: $68.33)

📋 Trades heute: 3
  ETH LONG @ $2,007.00 (tokyo)
  SOL LONG @ $83.97 (eu)
  ETH LONG @ $2,023.58 (us)

📊 Offene Positionen: 1
  ETH LONG | Entry: $2,023.55 | 🔴 $-0.15
✅ Telegram message sent
NO_REPLY
✅ Credentials geladen: bg_289d1...
✅ BitgetClient initialisiert [LIVE]
📈 APEX Tages-Abschluss

💰 Balance: $27.75 USDT
📉 Gesamt P&L: -$40.58 (-59.39%)
(Start: $68.33)

📋 Trades heute: 3
  ETH LONG @ $2,026.15 (tokyo)
  ETH SHORT @ $2,050.17 (eu)
  ETH LONG @ $2,104.69 (us)

📊 Offene Positionen: 1
  ETH LONG | Entry: $2,104.90 | 🟢 $+0.18
✅ Telegram message sent
NO_REPLY
✅ Credentials geladen: bg_289d1...
✅ BitgetClient initialisiert [LIVE]
📈 APEX Tages-Abschluss

💰 Balance: $75.28 USDT
📈 Gesamt P&L: +$6.95 (+10.18%)
(Start: $68.33)

📋 Trades heute: 2
  ETH LONG @ $2,112.46 (tokyo)
  SOL SHORT @ $82.93 (us)

📊 Offene Positionen: 1
  SOL SHORT | Entry: $82.93 | 🟢 $+0.34
✅ Telegram message sent
NO_REPLY
✅ Credentials geladen: bg_289d1...
✅ BitgetClient initialisiert [LIVE]
📈 APEX Tages-Abschluss

💰 Balance: $73.87 USDT
📈 Gesamt P&L: +$5.54 (+8.11%)
(Start: $68.33)

📋 Trades heute: 3
  ETH LONG @ $2,152.87 (tokyo)
  SOL LONG @ $79.57 (eu)
  ETH LONG @ $2,070.64 (us)

📊 Offene Positionen: 1
  ETH LONG | Entry: $2,070.82 | 🔴 $-0.25
✅ Telegram message sent
NO_REPLY
✅ Credentials geladen: bg_289d1...
✅ BitgetClient initialisiert [LIVE]
📈 APEX Tages-Abschluss

💰 Balance: $70.82 USDT
📈 Gesamt P&L: +$2.49 (+3.64%)
(Start: $68.33)

📋 Trades heute: 1
  ETH LONG @ $2,063.40 (eu)

📊 Keine offenen Positionen
✅ Telegram message sent
NO_REPLY
✅ Credentials geladen: bg_289d1...
✅ BitgetClient initialisiert [LIVE]
📈 APEX Tages-Abschluss

💰 Balance: $70.48 USDT
📈 Gesamt P&L: +$2.15 (+3.15%)
(Start: $68.33)

📋 Trades heute: 1
  ETH LONG @ $2,149.10 (us)

📊 Offene Positionen: 1
  ETH LONG | Entry: $2,149.02 | 🔴 $-0.22
✅ Telegram message sent
NO_REPLY
[2026-04-07 23:00:01] ✅ Credentials geladen: bg_289d1...
[2026-04-07 23:00:01] ✅ BitgetClient initialisiert [LIVE]
[2026-04-07 23:00:02] 📈 APEX Tages-Abschluss

💰 Balance: $69.07 USDT
📈 Gesamt P&L: +$0.74 (+1.09%)
(Start: $68.33)

📋 Trades heute: 1
  ETH LONG @ $2,135.91 (us)

📊 Offene Positionen: 1
  ETH LONG | Entry: $2,113.99 | 🟢 $+0.03
[2026-04-07 23:00:02] ✅ Telegram message sent
[2026-04-07 23:00:02] NO_REPLY
[2026-04-08 01:30:01] 📊 Erstelle Nacht-Report...
[2026-04-08 01:30:01] 🌙 APEX Nachtbericht — Mi 08.04.2026

📊 Heutige Sessions
  ➖ Tokyo 🌏: Kein Signal
  ➖ EU 🇪🇺: Kein Signal
  ✅ US 🇺🇸:    Entry:       $2,135.9100

💰 Kontostand
  Balance: $69.07 USDT | HWM: $75.28
  📈 Gesamt P&L: +$0.74 (+1.09%)

📈 Letzte 7 Tage (8 Trades)
  1W / 0L | Win-Rate: 100% | Realized: +$3.28
  Aktivste Session: US (4 Trades)

📦 Aktuelle Boxes
  ETH: Range $9.2300 (Threshold 54% der Range)
  SOL: Range $0.6360 (Threshold 16% der Range)
  XRP: Range $0.0045 (Threshold 111% der Range)

⚠️ Auffälligkeiten
  ⚡ XRP: BREAKOUT_THRESHOLD ($0.005) ist 111% der Box-Range — zu eng, kaum Trades möglich
  🚨 US 🇺🇸: 1 Fehler in den Logs

Nächste Session: Tokyo 02:00 Uhr
Tipp: /qualitycheck für tiefe Analyse
[2026-04-08 01:30:01] ✅ Telegram message sent
[2026-04-08 01:30:01] ✅ Nacht-Report gesendet
[2026-04-08 01:30:01] NO_REPLY
[2026-04-08 23:00:02] ✅ Credentials geladen: bg_289d1...
[2026-04-08 23:00:02] ✅ BitgetClient initialisiert [LIVE]
[2026-04-08 23:00:02] 📉 Drawdown-Snapshot: {'date': '2026-04-08', 'balance': 71.7854, 'hwm': 75.28, 'dd_pct': 4.642}
[2026-04-08 23:00:02] 📈 APEX Tages-Abschluss

💰 Balance: $71.79 USDT
📈 Gesamt P&L: +$3.46 (+5.06%)
(Start: $68.33)

📋 Trades heute: 2
  SOL SHORT @ $84.91 (tokyo)
  SOL LONG @ $83.19 (us)

📊 Offene Positionen: 1
  SOL LONG | Entry: $83.19 | 🟢 $+0.16

🎯 Stats: 2W/0L (100% Win-Rate)
[2026-04-08 23:00:02] ✅ Telegram message sent
[2026-04-08 23:00:02] NO_REPLY
[2026-04-09 01:30:01] 📊 Erstelle Nacht-Report...
[2026-04-09 01:30:01] 🌙 APEX Nachtbericht — Do 09.04.2026

📊 Heutige Sessions
  ✅ Tokyo 🌏:    Entry:       $84.9120
  ➖ EU 🇪🇺: Kein Signal
  ✅ US 🇺🇸:    Entry:       $83.1880

💰 Kontostand
  Balance: $71.79 USDT | HWM: $75.28
  📈 Gesamt P&L: +$3.46 (+5.06%)

📈 Letzte 7 Tage (4 Trades)
  2W / 1L | Win-Rate: 67% | Realized: +$3.66
  Aktivste Session: US (3 Trades)

📦 Aktuelle Boxes
  ETH: Range $11.9900 (Threshold 42% der Range)
  SOL: Range $0.3440 (Threshold 29% der Range)
  AVAX: Range $0.0410 (Threshold 122% der Range)
  XRP: Range $0.0046 (Threshold 22% der Range)

⚠️ Auffälligkeiten
  ⚡ AVAX: BREAKOUT_THRESHOLD ($0.05) ist 122% der Box-Range — zu eng, kaum Trades möglich
  🚨 Tokyo 🌏: 1 Fehler in den Logs

Nächste Session: Tokyo 02:00 Uhr
Tipp: /qualitycheck für tiefe Analyse
[2026-04-09 01:30:02] ✅ Telegram message sent
[2026-04-09 01:30:02] ✅ Nacht-Report gesendet
[2026-04-09 01:30:02] NO_REPLY
[2026-04-09 23:00:02] ✅ Credentials geladen: bg_289d1...
[2026-04-09 23:00:02] ✅ BitgetClient initialisiert [LIVE]
[2026-04-09 23:00:02] 📉 Drawdown-Snapshot: {'date': '2026-04-09', 'balance': 70.2822, 'hwm': 75.28, 'dd_pct': 6.639}
[2026-04-09 23:00:02] 📈 APEX Tages-Abschluss

💰 Balance: $70.28 USDT
📈 Gesamt P&L: +$1.95 (+2.86%)
(Start: $68.33)

📋 Trades heute: 2
  XRP SHORT @ $1.34 (tokyo)
  XRP SHORT @ $1.35 (us)

📊 Offene Positionen: 1
  XRP SHORT | Entry: $1.35 | 🔴 $-0.58

🎯 Stats: 3W/1L (75% Win-Rate)
[2026-04-09 23:00:02] ✅ Telegram message sent
[2026-04-09 23:00:02] NO_REPLY
[2026-04-10 01:30:01] 📊 Erstelle Nacht-Report...
[2026-04-10 01:30:01] 🌙 APEX Nachtbericht — Fr 10.04.2026

📊 Heutige Sessions
  ✅ Tokyo 🌏:    Entry:       $1.3371
  ➖ EU 🇪🇺: Kein Signal
  ✅ US 🇺🇸:    Entry:       $1.3521

💰 Kontostand
  Balance: $70.28 USDT | HWM: $75.28
  📈 Gesamt P&L: +$1.95 (+2.86%)

📈 Letzte 7 Tage (6 Trades)
  3W / 2L | Win-Rate: 60% | Realized: +$3.46
  Aktivste Session: US (4 Trades)

📦 Aktuelle Boxes
  ETH: Range $8.0500 (Threshold 37% der Range)
  SOL: Range $0.5410 (Threshold 18% der Range)
  AVAX: Range $0.0530 (Threshold 57% der Range)
  XRP: Range $0.0067 (Threshold 15% der Range)

Nächste Session: Tokyo 02:00 Uhr
Tipp: /qualitycheck für tiefe Analyse
[2026-04-10 01:30:02] ✅ Telegram message sent
[2026-04-10 01:30:02] ✅ Nacht-Report gesendet
[2026-04-10 01:30:02] NO_REPLY
[2026-04-10 23:00:02] ✅ Credentials geladen: bg_289d1...
[2026-04-10 23:00:02] ✅ BitgetClient initialisiert [LIVE]
[2026-04-10 23:00:02] 📉 Drawdown-Snapshot: {'date': '2026-04-10', 'balance': 64.4173, 'hwm': 75.28, 'dd_pct': 14.43}
[2026-04-10 23:00:02] 📈 APEX Tages-Abschluss

💰 Balance: $64.42 USDT
📉 Gesamt P&L: -$3.91 (-5.73%)
(Start: $68.33)

📋 Trades heute: 3
  ETH LONG @ $2,192.82 (tokyo)
  ETH SHORT @ $2,178.36 (eu)
  ETH SHORT @ $2,243.35 (us)

📊 Keine offenen Positionen

🎯 Stats: 3W/4L (43% Win-Rate)
[2026-04-10 23:00:03] ✅ Telegram message sent
[2026-04-10 23:00:03] NO_REPLY
[2026-04-11 01:30:01] 📊 Erstelle Nacht-Report...
[2026-04-11 01:30:01] 🌙 APEX Nachtbericht — Sa 11.04.2026

📊 Heutige Sessions
  ✅ Tokyo 🌏:    Entry:       $2,192.8200
  ✅ EU 🇪🇺:    Entry:       $2,178.3600
  ✅ US 🇺🇸:    Entry:       $2,243.3500

💰 Kontostand
  Balance: $64.42 USDT | HWM: $75.28
  📉 Gesamt P&L: -$3.91 (-5.73%)

📈 Letzte 7 Tage (9 Trades)
  3W / 5L | Win-Rate: 38% | Realized: $-0.55
  Aktivste Session: US (5 Trades)

📦 Aktuelle Boxes
  ETH: Range $7.4700 (Threshold 40% der Range)
  SOL: Range $0.3360 (Threshold 30% der Range)
  AVAX: Range $0.0470 (Threshold 64% der Range)
  XRP: Range $0.0034 (Threshold 29% der Range)

Nächste Session: Tokyo 02:00 Uhr
Tipp: /qualitycheck für tiefe Analyse
[2026-04-11 01:30:01] ✅ Telegram message sent
[2026-04-11 01:30:01] ✅ Nacht-Report gesendet
[2026-04-11 01:30:01] NO_REPLY
[2026-04-12 01:30:02] 📊 Erstelle Nacht-Report...
[2026-04-12 01:30:02] 🌙 APEX Nachtbericht — So 12.04.2026

📊 Heutige Sessions
  ✅ Tokyo 🌏:    Entry:       $2,192.8200
  ✅ EU 🇪🇺:    Entry:       $2,178.3600
  ✅ US 🇺🇸:    Entry:       $2,243.3500

💰 Kontostand
  Balance: $64.42 USDT | HWM: $75.28
  📉 Gesamt P&L: -$3.91 (-5.73%)

📈 Letzte 7 Tage (9 Trades)
  3W / 5L | Win-Rate: 38% | Realized: $-0.55
  Aktivste Session: US (5 Trades)

📦 Aktuelle Boxes
  ETH: Range $7.4700 (Threshold 40% der Range)
  SOL: Range $0.3360 (Threshold 30% der Range)
  AVAX: Range $0.0470 (Threshold 64% der Range)
  XRP: Range $0.0034 (Threshold 29% der Range)

Nächste Session: Tokyo 02:00 Uhr
Tipp: /qualitycheck für tiefe Analyse
[2026-04-12 01:30:02] ✅ Telegram message sent
[2026-04-12 01:30:02] ✅ Nacht-Report gesendet
[2026-04-12 01:30:02] NO_REPLY
[2026-04-13 01:30:01] 📊 Erstelle Nacht-Report...
[2026-04-13 01:30:01] 🌙 APEX Nachtbericht — Mo 13.04.2026

📊 Heutige Sessions
  ✅ Tokyo 🌏:    Entry:       $2,192.8200
  ✅ EU 🇪🇺:    Entry:       $2,178.3600
  ✅ US 🇺🇸:    Entry:       $2,243.3500

💰 Kontostand
  Balance: $64.42 USDT | HWM: $75.28
  📉 Gesamt P&L: -$3.91 (-5.73%)

📈 Letzte 7 Tage (9 Trades)
  3W / 5L | Win-Rate: 38% | Realized: $-0.55
  Aktivste Session: US (5 Trades)

📦 Aktuelle Boxes
  ETH: Range $7.4700 (Threshold 40% der Range)
  SOL: Range $0.3360 (Threshold 30% der Range)
  AVAX: Range $0.0470 (Threshold 64% der Range)
  XRP: Range $0.0034 (Threshold 29% der Range)

Nächste Session: Tokyo 02:00 Uhr
Tipp: /qualitycheck für tiefe Analyse
[2026-04-13 01:30:01] ✅ Telegram message sent
[2026-04-13 01:30:01] ✅ Nacht-Report gesendet
[2026-04-13 01:30:01] NO_REPLY
[2026-04-13 23:00:01] ✅ Credentials geladen: bg_289d1...
[2026-04-13 23:00:01] ✅ BitgetClient initialisiert [LIVE]
[2026-04-13 23:00:02] 📉 Drawdown-Snapshot: {'date': '2026-04-13', 'balance': 64.0581, 'hwm': 75.28, 'dd_pct': 14.907}
[2026-04-13 23:00:02] ✅ Daily Snapshot persistiert (Balance $64.06)
[2026-04-13 23:00:02] NO_REPLY
[2026-04-14 01:30:01] 📊 Erstelle Nacht-Report...
[2026-04-14 01:30:01] 🌙 APEX Nachtbericht — Di 14.04.2026

📊 Heutige Sessions
  ❔ Tokyo 🌏: Keine Daten
  ❔ EU 🇪🇺: Keine Daten
  ❔ US 🇺🇸: Keine Daten

💰 Kontostand
  Balance: $64.42 USDT | HWM: $75.28
  📉 Gesamt P&L: -$3.91 (-5.73%)

📈 Letzte 7 Tage (11 Trades)
  3W / 5L | Win-Rate: 38% | Realized: $-0.55
  Aktivste Session: US (5 Trades)

📦 Aktuelle Boxes
  ETH: Range $8.2100 (Threshold 37% der Range)
  SOL: Range $0.1440 (Threshold 69% der Range)

⚠️ Auffälligkeiten
  📉 Kein Trade in 3 Sessions (Tokyo 🌏, EU 🇪🇺, US 🇺🇸) — Thresholds prüfen?

Nächste Session: Tokyo 02:00 Uhr
Tipp: /qualitycheck für tiefe Analyse
[2026-04-14 01:30:01] ✅ Telegram message sent
[2026-04-14 01:30:01] ✅ Nacht-Report gesendet
[2026-04-14 01:30:01] NO_REPLY
