✅ Credentials geladen: bg_289d1...
✅ BitgetClient initialisiert [LIVE]
🇪🇺 APEX Pre-Market: Europa (London Open)

✅ Bitget API verbunden
💰 Balance: $68.27 USDT
📊 Offene Positionen: 1
  ETH LONG | Entry: $2,006.95 | 🟢 P&L: $+1.88

ETH: $2,044.5400 | SOL: $83.5220 | AVAX: $8.8200

✅ System bereit fuer Europa (London Open)
✅ Telegram message sent
NO_REPLY
✅ Credentials geladen: bg_289d1...
✅ BitgetClient initialisiert [LIVE]
============================================================
APEX - Opening Range Capture
============================================================
⚠️  No candles for ETH

📊 SOL:
   High: $83.42
   Low:  $83.42
   Range: $0.01

📊 AVAX:
   High: $8.81
   Low:  $8.81
   Range: $0.00

✅ Boxes saved to /root/apex-trading-bot/data/opening_range_boxes.json
✅ Telegram message sent
NO_REPLY
============================================================
APEX - Autonomous Trade Check
============================================================
📍 Session: EU
✅ Credentials geladen: bg_289d1...
✅ BitgetClient initialisiert [LIVE]

📊 Bestehende Positionen: ETH LONG

🔍 Suche Breakouts...
   ⏭️  ETH: übersprungen (Position bereits offen)
   🔍 APEX EU: Kein Breakout – kein Trade
✅ Telegram message sent
NO_REPLY
============================================================
APEX - Autonomous Trade Check
============================================================
📍 Session: EU
✅ Credentials geladen: bg_289d1...
✅ BitgetClient initialisiert [LIVE]

📊 Bestehende Positionen: ETH LONG

🔍 Suche Breakouts...
   ⏭️  ETH: übersprungen (Position bereits offen)
   🔍 APEX EU: Kein Breakout – kein Trade
✅ Telegram message sent
NO_REPLY
============================================================
APEX - Autonomous Trade Check
============================================================
📍 Session: EU
✅ Credentials geladen: bg_289d1...
✅ BitgetClient initialisiert [LIVE]

🔍 Suche Breakouts...

🎯 BREAKOUT!
   SOL LONG
   Preis: $83.9770
   Box:   $83.4150 – $83.4220
   Distanz: $0.5550

💰 Balance: $71.11 USDT | Risk/Trade: $1.42

🚀 Führe long Trade aus...
✅ Leverage 5x gesetzt für SOL

✅ TRADE AUSGEFÜHRT
   Entry:       $83.9700
   Size:        1.6
   Stop-Loss:   $83.1150  (Risk: $1.42)
   Take-Profit: $85.6800  (Reward: $2.84)
   Hebel:       5x
   SL: ❌ | TP: ❌
✅ Telegram message sent
NO_REPLY
Traceback (most recent call last):
  File "/root/apex-trading-bot/scripts/session_summary.py", line 13, in <module>
    from hyperliquid_client import HyperliquidClient
  File "/root/apex-trading-bot/scripts/hyperliquid_client.py", line 16, in <module>
    from eth_account import Account
ModuleNotFoundError: No module named 'eth_account'
✅ Credentials geladen: bg_289d1...
✅ BitgetClient initialisiert [LIVE]
🇪🇺 APEX Pre-Market: Europa (London Open)

✅ Bitget API verbunden
💰 Balance: $75.67 USDT
📊 Keine offenen Positionen

ETH: $2,056.2400 | SOL: $83.0910 | AVAX: $8.9140

✅ System bereit fuer Europa (London Open)
✅ Telegram message sent
NO_REPLY
✅ Credentials geladen: bg_289d1...
✅ BitgetClient initialisiert [LIVE]
🇪🇺 APEX Pre-Market: Europa (London Open)

✅ Bitget API verbunden
💰 Balance: $75.67 USDT
📊 Keine offenen Positionen

ETH: $2,056.2400 | SOL: $83.0910 | AVAX: $8.9140

✅ System bereit fuer Europa (London Open)
✅ Telegram message sent
NO_REPLY
✅ Credentials geladen: bg_289d1...
✅ BitgetClient initialisiert [LIVE]
============================================================
APEX - Opening Range Capture
============================================================

📊 ETH:
   High: $2,061.62
   Low:  $2,061.33
   Range: $0.29

📊 SOL:
   High: $83.40
   Low:  $83.37
   Range: $0.03

📊 AVAX:
   High: $8.95
   Low:  $8.95
   Range: $0.00

✅ Boxes saved to /root/apex-trading-bot/data/opening_range_boxes.json
✅ Telegram message sent
NO_REPLY
✅ Credentials geladen: bg_289d1...
✅ BitgetClient initialisiert [LIVE]
============================================================
APEX - Opening Range Capture
============================================================

📊 ETH:
   High: $2,061.62
   Low:  $2,061.33
   Range: $0.29

📊 SOL:
   High: $83.40
   Low:  $83.37
   Range: $0.03

📊 AVAX:
   High: $8.95
   Low:  $8.95
   Range: $0.00

✅ Boxes saved to /root/apex-trading-bot/data/opening_range_boxes.json
✅ Telegram message sent
NO_REPLY
============================================================
APEX - Autonomous Trade Check
============================================================
⏳ Anderer autonomous_trade.py läuft noch – Abbruch.
Traceback (most recent call last):
  File "/root/apex-trading-bot/scripts/autonomous_trade.py", line 449, in <module>
    result = main()
             ^^^^^^
  File "/root/apex-trading-bot/scripts/autonomous_trade.py", line 404, in main
    result = execute_breakout_trade(
             ^^^^^^^^^^^^^^^^^^^^^^^
  File "/root/apex-trading-bot/scripts/autonomous_trade.py", line 271, in execute_breakout_trade
    "sl_placed": sl_result.success,
                 ^^^^^^^^^
NameError: name 'sl_result' is not defined
============================================================
APEX - Autonomous Trade Check
============================================================
📍 Session: EU
✅ Credentials geladen: bg_289d1...
✅ BitgetClient initialisiert [LIVE]

🔍 Suche Breakouts...

🎯 BREAKOUT!
   ETH SHORT
   Preis: $2,050.2200
   Box:   $2,061.3300 – $2,061.6200
   Distanz: $11.1100

💰 Balance: $75.67 USDT | Risk/Trade: $1.51

🚀 Führe short Trade aus...
✅ Leverage 5x gesetzt für ETH
   🧹 Bereinige verbleibende TP/SL-Orders für ETH...
⚠️  Cancel TP/SL Fehler: 404 Client Error: Not Found for url: https://api.bitget.com/api/v2/mix/order/cancel-all-plan-order
⚠️  TPSL-Order Check Fehler: 404 Client Error: Not Found for url: https://api.bitget.com/api/v2/mix/order/tpsl-pending?productType=USDT-FUTURES&symbol=ETHUSDT
   ✅ SL gesetzt
   ✅ TP gesetzt

💥 ERROR: name 'sl_result' is not defined
✅ Telegram message sent
NO_REPLY
============================================================
APEX - Autonomous Trade Check
============================================================
📍 Session: EU

✅ ⏭️ APEX EU: Skip – bereits getradet
✅ Telegram message sent
NO_REPLY
============================================================
APEX - Autonomous Trade Check
============================================================
📍 Session: EU

✅ ⏭️ APEX EU: Skip – bereits getradet
✅ Telegram message sent
NO_REPLY
✅ Credentials geladen: bg_289d1...
✅ BitgetClient initialisiert [LIVE]
🇪🇺 *Europa Session Abschluss*

*Breakout-Check:*
  • ETH: 🔴 *SHORT* ($7.80)
  • SOL: ✅ Kein Breakout
  • AVAX: ✅ Kein Breakout

*Trade:* ✅ 🔴 *ETH SHORT* @ $2,050.1700

*Balance:* $38.65 USDT
*P&L vs Start:* 📉 $-29.68 (-43.43%)
_(Startkapital: $68.33 USDT)_
✅ Telegram message sent
NO_REPLY
✅ Credentials geladen: bg_289d1...
✅ BitgetClient initialisiert [LIVE]
🇪🇺 APEX Pre-Market: Europa (London Open)

✅ Bitget API verbunden
💰 Balance: $74.98 USDT
📊 Keine offenen Positionen

ETH: $2,142.5300 | SOL: $84.3850 | AVAX: $9.2840

✅ System bereit fuer Europa (London Open)
✅ Telegram message sent
NO_REPLY
✅ Credentials geladen: bg_289d1...
✅ BitgetClient initialisiert [LIVE]
============================================================
APEX - Opening Range Capture
============================================================
⚠️  No candles for ETH
⚠️  No candles for SOL

📊 AVAX:
   High: $9.38
   Low:  $9.38
   Range: $0.00

✅ Boxes saved to /root/apex-trading-bot/data/opening_range_boxes.json
✅ Telegram message sent
NO_REPLY
============================================================
APEX - Autonomous Trade Check
============================================================
📍 Session: EU
✅ Credentials geladen: bg_289d1...
✅ BitgetClient initialisiert [LIVE]

🔍 Suche Breakouts...
   🔍 APEX EU: Kein Breakout – kein Trade
✅ Telegram message sent
NO_REPLY
============================================================
APEX - Autonomous Trade Check
============================================================
📍 Session: EU
✅ Credentials geladen: bg_289d1...
✅ BitgetClient initialisiert [LIVE]

🔍 Suche Breakouts...
   🔍 APEX EU: Kein Breakout – kein Trade
✅ Telegram message sent
NO_REPLY
============================================================
APEX - Autonomous Trade Check
============================================================
📍 Session: EU
✅ Credentials geladen: bg_289d1...
✅ BitgetClient initialisiert [LIVE]

🔍 Suche Breakouts...
   🔍 APEX EU: Kein Breakout – kein Trade
✅ Telegram message sent
NO_REPLY
✅ Credentials geladen: bg_289d1...
✅ BitgetClient initialisiert [LIVE]
🇪🇺 *Europa Session Abschluss*

*Breakout-Check:*
  • ETH: ✅ Kein Breakout
  • SOL: ✅ Kein Breakout
  • AVAX: ✅ Kein Breakout

*Trade:* ✅ Korrekt geskippt (kein Breakout)

*Account Equity:* $74.98 USDT
*P&L vs Start:* 📈 +$6.65 (+9.74%)
_(Startkapital: $68.33 USDT)_
✅ Telegram message sent
NO_REPLY
✅ Credentials geladen: bg_289d1...
✅ BitgetClient initialisiert [LIVE]
🇪🇺 APEX Pre-Market: Europa (London Open)

✅ Bitget API verbunden
💰 Balance: $75.79 USDT
📊 Keine offenen Positionen

ETH: $2,049.1700 | SOL: $79.2770 | AVAX: $8.7060

✅ System bereit fuer Europa (London Open)
✅ Telegram message sent
NO_REPLY
✅ Credentials geladen: bg_289d1...
✅ BitgetClient initialisiert [LIVE]
============================================================
APEX - Opening Range Capture
============================================================

📊 ETH:
   High: $2,049.54
   Low:  $2,044.70
   Range: $4.84

📊 SOL:
   High: $79.10
   Low:  $78.94
   Range: $0.16

📊 AVAX:
   High: $8.72
   Low:  $8.69
   Range: $0.03

✅ Boxes saved to /root/apex-trading-bot/data/opening_range_boxes.json
✅ Telegram message sent
NO_REPLY
============================================================
APEX - Autonomous Trade Check
============================================================
📍 Session: EU
✅ Credentials geladen: bg_289d1...
✅ BitgetClient initialisiert [LIVE]

🔍 Suche Breakouts...
   🔍 APEX EU: Kein Breakout – kein Trade
✅ Telegram message sent
NO_REPLY
============================================================
APEX - Autonomous Trade Check
============================================================
📍 Session: EU
✅ Credentials geladen: bg_289d1...
✅ BitgetClient initialisiert [LIVE]

🔍 Suche Breakouts...
   🔍 APEX EU: Kein Breakout – kein Trade
✅ Telegram message sent
NO_REPLY
============================================================
APEX - Autonomous Trade Check
============================================================
📍 Session: EU
✅ Credentials geladen: bg_289d1...
✅ BitgetClient initialisiert [LIVE]

🔍 Suche Breakouts...

🎯 BREAKOUT!
   SOL LONG
   Preis: $79.5770
   Box:   $78.9450 – $79.1040
   Distanz: $0.4730

💰 Balance: $75.79 USDT | Risk/Trade: $1.52

🚀 Führe long Trade aus...
✅ Leverage 5x gesetzt für SOL
   🧹 Bereinige verbleibende TP/SL-Orders für SOL...
⚠️  Cancel TP/SL Fehler: 404 Client Error: Not Found for url: https://api.bitget.com/api/v2/mix/order/cancel-all-plan-order
⚠️  TPSL-Order Check Fehler: 404 Client Error: Not Found for url: https://api.bitget.com/api/v2/mix/order/tpsl-pending?productType=USDT-FUTURES&symbol=SOLUSDT
   ✅ SL gesetzt
   ✅ TP gesetzt

✅ TRADE AUSGEFÜHRT
   Entry:       $79.5670
   Size:        1.6
   Stop-Loss:   $78.6450  (Risk: $1.52)
   Take-Profit: $81.4110  (Reward: $3.03)
   Hebel:       5x
✅ Telegram message sent
NO_REPLY
✅ Credentials geladen: bg_289d1...
✅ BitgetClient initialisiert [LIVE]
🇪🇺 *Europa Session Abschluss*

*Breakout-Check:*
  • ETH: ✅ Kein Breakout
  • SOL: ✅ Kein Breakout
  • AVAX: ✅ Kein Breakout

*Trade:* ✅ 🟢 *SOL LONG* @ $79.5670

*Account Equity:* $75.24 USDT
*P&L vs Start:* 📈 +$6.91 (+10.11%)
_(Startkapital: $68.33 USDT)_
✅ Telegram message sent
NO_REPLY
✅ Credentials geladen: bg_289d1...
✅ BitgetClient initialisiert [LIVE]
🇪🇺 APEX Pre-Market: Europa (London Open)

✅ Bitget API verbunden
💰 Balance: $72.59 USDT
📊 Keine offenen Positionen

ETH: $2,058.8300 | SOL: $79.2640 | AVAX: $8.8870

✅ System bereit fuer Europa (London Open)
✅ Telegram message sent
NO_REPLY
Traceback (most recent call last):
  File "/root/apex-trading-bot/scripts/save_opening_range.py", line 95, in <module>
    boxes = save_opening_range()
            ^^^^^^^^^^^^^^^^^^^^
  File "/root/apex-trading-bot/scripts/save_opening_range.py", line 46, in save_opening_range
    candles = client.get_candles(asset, "15m", limit=5)
              ^^^^^^^^^^^^^^^^^^^^^^^^^^^^^^^^^^^^^^^^^
  File "/root/apex-trading-bot/scripts/bitget_client.py", line 218, in get_candles
    data = self._get("/api/v2/mix/market/candles", {
           ^^^^^^^^^^^^^^^^^^^^^^^^^^^^^^^^^^^^^^^^^
  File "/root/apex-trading-bot/scripts/bitget_client.py", line 171, in _get
    resp.raise_for_status()
  File "/root/apex-trading-bot/venv/lib/python3.12/site-packages/requests/models.py", line 1028, in raise_for_status
    raise HTTPError(http_error_msg, response=self)
requests.exceptions.HTTPError: 429 Client Error: Too Many Requests for url: https://api.bitget.com/api/v2/mix/market/candles?symbol=SOLUSDT&productType=USDT-FUTURES&granularity=15m&limit=5
✅ Credentials geladen: bg_289d1...
✅ BitgetClient initialisiert [LIVE]
============================================================
APEX - Opening Range Capture
============================================================

📊 ETH:
   High: $2,063.48
   Low:  $2,060.72
   Range: $2.76

💥 ERROR: 429 Client Error: Too Many Requests for url: https://api.bitget.com/api/v2/mix/market/candles?symbol=SOLUSDT&productType=USDT-FUTURES&granularity=15m&limit=5
✅ Telegram message sent
NO_REPLY
============================================================
APEX - Autonomous Trade Check
============================================================
📍 Session: EU
✅ Credentials geladen: bg_289d1...
✅ BitgetClient initialisiert [LIVE]

🔍 Suche Breakouts...

🎯 BREAKOUT!
   ETH LONG
   Preis: $2,063.4300
   Box:   $2,051.5100 – $2,058.2600
   Distanz: $5.1700

💰 Balance: $72.59 USDT | Risk/Trade: $1.45

🚀 Führe long Trade aus...
✅ Leverage 5x gesetzt für ETH
   🧹 Bereinige verbleibende TP/SL-Orders für ETH...
   ✅ SL gesetzt
   ✅ TP gesetzt

✅ TRADE AUSGEFÜHRT
   Entry:       $2,063.4000
   Size:        0.09
   Stop-Loss:   $2,046.5100  (Risk: $1.45)
   Take-Profit: $2,097.1800  (Reward: $2.90)
   Hebel:       5x
✅ Telegram message sent
NO_REPLY
============================================================
APEX - Autonomous Trade Check
============================================================
📍 Session: EU

✅ ⏭️ APEX EU: Skip – bereits getradet
✅ Telegram message sent
NO_REPLY
============================================================
APEX - Autonomous Trade Check
============================================================
📍 Session: EU

✅ ⏭️ APEX EU: Skip – bereits getradet
✅ Telegram message sent
NO_REPLY
✅ Credentials geladen: bg_289d1...
✅ BitgetClient initialisiert [LIVE]
🇪🇺 *Europa Session Abschluss*

*Breakout-Check:*
  • ETH: 🟢 *LONG* ($6.43)
  • SOL: 🟢 *LONG* ($0.73)
  • AVAX: ✅ Kein Breakout

*Trade:* ✅ 🟢 *ETH LONG* @ $2,063.4000

*Account Equity:* $72.60 USDT
*P&L vs Start:* 📈 +$4.27 (+6.24%)
_(Startkapital: $68.33 USDT)_
✅ Telegram message sent
NO_REPLY
✅ Credentials geladen: bg_289d1...
✅ BitgetClient initialisiert [LIVE]
🇪🇺 APEX Pre-Market: Europa (London Open)

✅ Bitget API verbunden
💰 Balance: $70.82 USDT
📊 Keine offenen Positionen

ETH: $2,120.3800 | SOL: $81.2850 | AVAX: $9.4140

✅ System bereit fuer Europa (London Open)
✅ Telegram message sent
NO_REPLY
✅ Credentials geladen: bg_289d1...
✅ BitgetClient initialisiert [LIVE]
============================================================
APEX - Opening Range Capture
============================================================

📊 ETH:
   High: $2,129.63
   Low:  $2,122.09
   Range: $7.54

📊 SOL:
   High: $81.58
   Low:  $81.24
   Range: $0.34

📊 AVAX:
   High: $9.43
   Low:  $9.37
   Range: $0.06

✅ Boxes saved to /root/apex-trading-bot/data/opening_range_boxes.json
✅ Telegram message sent
NO_REPLY
============================================================
APEX - Autonomous Trade Check
============================================================
📍 Session: EU
✅ Credentials geladen: bg_289d1...
✅ BitgetClient initialisiert [LIVE]

🔍 Suche Breakouts...
   🔍 APEX EU: Kein Breakout – kein Trade
✅ Telegram message sent
NO_REPLY
============================================================
APEX - Autonomous Trade Check
============================================================
📍 Session: EU
✅ Credentials geladen: bg_289d1...
✅ BitgetClient initialisiert [LIVE]

🔍 Suche Breakouts...
   🔍 APEX EU: Kein Breakout – kein Trade
✅ Telegram message sent
NO_REPLY
============================================================
APEX - Autonomous Trade Check
============================================================
📍 Session: EU
✅ Credentials geladen: bg_289d1...
✅ BitgetClient initialisiert [LIVE]

🔍 Suche Breakouts...

🎯 BREAKOUT!
   ETH LONG
   Preis: $2,134.7200
   Box:   $2,122.0900 – $2,129.6300
   Distanz: $5.0900

💰 Balance: $70.82 USDT | Risk/Trade: $1.42

🚀 Führe long Trade aus...
✅ Leverage 5x gesetzt für ETH
   🧹 Bereinige verbleibende TP/SL-Orders für ETH...

❌ TRADE FEHLGESCHLAGEN: 400 Client Error: Bad Request for url: https://api.bitget.com/api/v2/mix/order/place-order | Body: {"code":"45115","msg":"The price you enter should be a multiple of 0.01{1}","requestTime":1775462405067,"data":null}
✅ Telegram message sent
NO_REPLY
✅ Credentials geladen: bg_289d1...
✅ BitgetClient initialisiert [LIVE]
🇪🇺 *Europa Session Abschluss*

*Breakout-Check:*
  • ETH: 🟢 *LONG* ($6.06)
  • SOL: 🟢 *LONG* ($0.30)
  • AVAX: ✅ Kein Breakout

*Trade:* ❌ Nicht ausgeführt
*Grund:* Unbekannt – Script-Check nötig!

*Account Equity:* $70.82 USDT
*P&L vs Start:* 📈 +$2.49 (+3.64%)
_(Startkapital: $68.33 USDT)_
✅ Telegram message sent
NO_REPLY
✅ Credentials geladen: bg_289d1...
✅ BitgetClient initialisiert [LIVE]
🇪🇺 APEX Pre-Market: Europa (London Open)

✅ Bitget API verbunden
💰 Balance: $69.09 USDT
📊 Keine offenen Positionen

ETH: $2,100.4700 | SOL: $79.5340 | AVAX: $8.5280 | XRP: $1.3084

✅ System bereit fuer Europa (London Open)
✅ Telegram message sent
NO_REPLY
✅ Credentials geladen: bg_289d1...
✅ BitgetClient initialisiert [LIVE]
============================================================
APEX - Opening Range Capture
============================================================
⚠️  Bitget 429 – Rate Limit. Warte 5s (Versuch 1/3)...

📊 ETH:
   High: $2,105.79
   Low:  $2,099.50
   Range: $6.29

📊 SOL:
   High: $79.54
   Low:  $79.42
   Range: $0.12

📊 AVAX:
   High: $8.58
   Low:  $8.52
   Range: $0.06
⚠️  XRP: Box Range $0.0030 < Min $0.0030 – übersprungen

✅ Boxes saved to /root/apex-trading-bot/data/opening_range_boxes.json
✅ Telegram message sent
NO_REPLY
============================================================
APEX - Autonomous Trade Check
============================================================
📍 Session: EU
✅ Credentials geladen: bg_289d1...
✅ BitgetClient initialisiert [LIVE]

🔍 Suche Breakouts...
   🔍 APEX EU: Kein Breakout – kein Trade
✅ Telegram message sent
NO_REPLY
============================================================
APEX - Autonomous Trade Check
============================================================
📍 Session: EU
✅ Credentials geladen: bg_289d1...
✅ BitgetClient initialisiert [LIVE]

🔍 Suche Breakouts...
   🔍 APEX EU: Kein Breakout – kein Trade
✅ Telegram message sent
NO_REPLY
============================================================
APEX - Autonomous Trade Check
============================================================
📍 Session: EU
✅ Credentials geladen: bg_289d1...
✅ BitgetClient initialisiert [LIVE]

🔍 Suche Breakouts...
   🔍 APEX EU: Kein Breakout – kein Trade
✅ Telegram message sent
NO_REPLY
✅ Credentials geladen: bg_289d1...
✅ BitgetClient initialisiert [LIVE]
🇪🇺 *Europa Session Abschluss*

*Breakout-Check:*
  • ETH: ✅ Kein Breakout
  • SOL: 🟢 *LONG* ($0.55)
  • AVAX: ✅ Kein Breakout
  • XRP: ✅ Kein Breakout

*Trade:* ❌ Nicht ausgeführt
*Grund:* Unbekannt – Script-Check nötig!

*Account Equity:* $69.09 USDT
*P&L vs Start:* 📈 +$0.76 (+1.12%)
_(Startkapital: $68.33 USDT)_
✅ Telegram message sent
NO_REPLY
[2026-04-08 08:30:01] ✅ Credentials geladen: bg_289d1...
[2026-04-08 08:30:01] ✅ BitgetClient initialisiert [LIVE]
[2026-04-08 08:30:03] 🇪🇺 APEX Pre-Market: Europa (London Open)

✅ Bitget API verbunden
💰 Balance: $70.95 USDT
📊 Offene Positionen: 1
  SOL SHORT | Entry: $84.91 | 🟢 P&L: $+0.20

ETH: $2,249.6100 | SOL: $84.5760 | AVAX: $9.4360 | XRP: $1.3842

✅ System bereit fuer Europa (London Open)
[2026-04-08 08:30:03] ✅ Telegram message sent
[2026-04-08 08:30:03] NO_REPLY
[2026-04-08 09:15:01] ✅ Credentials geladen: bg_289d1...
[2026-04-08 09:15:01] ✅ BitgetClient initialisiert [LIVE]
[2026-04-08 09:15:01] ============================================================
[2026-04-08 09:15:01] APEX - Opening Range Capture
[2026-04-08 09:15:01] ============================================================
[2026-04-08 09:15:01] 
📊 ETH:
[2026-04-08 09:15:01]    High: $2,250.51
[2026-04-08 09:15:01]    Low:  $2,243.21
[2026-04-08 09:15:01]    Range: $7.30
[2026-04-08 09:15:03] 
📊 SOL:
[2026-04-08 09:15:03]    High: $84.52
[2026-04-08 09:15:03]    Low:  $84.16
[2026-04-08 09:15:03]    Range: $0.36
[2026-04-08 09:15:04] ⚠️  AVAX: Box Range $0.0290 < Min $0.0400 – übersprungen
[2026-04-08 09:15:04] 
📊 XRP:
[2026-04-08 09:15:04]    High: $1.38
[2026-04-08 09:15:04]    Low:  $1.38
[2026-04-08 09:15:04]    Range: $0.00
[2026-04-08 09:15:05] 
✅ Boxes saved to /root/apex-trading-bot/data/opening_range_boxes.json
[2026-04-08 09:15:06] ✅ Telegram message sent
[2026-04-08 09:15:06] NO_REPLY
[2026-04-08 09:30:01] ============================================================
[2026-04-08 09:30:01] APEX - Autonomous Trade Check
[2026-04-08 09:30:01] ============================================================
[2026-04-08 09:30:01] 📍 Session: EU
[2026-04-08 09:30:01] ✅ Credentials geladen: bg_289d1...
[2026-04-08 09:30:01] ✅ BitgetClient initialisiert [LIVE]
[2026-04-08 09:30:01] 
🔍 Suche Breakouts...
[2026-04-08 09:30:02]    ⏭️  SOL: übersprungen (Position bereits offen)
[2026-04-08 09:30:03] 
📊 Bestehende Positionen: SOL SHORT
[2026-04-08 09:30:03]    🔍 APEX EU: Kein Breakout – kein Trade
[2026-04-08 09:30:03] ✅ Telegram message sent
[2026-04-08 09:30:03] NO_REPLY
[2026-04-08 09:45:01] ============================================================
[2026-04-08 09:45:01] APEX - Autonomous Trade Check
[2026-04-08 09:45:01] ============================================================
[2026-04-08 09:45:01] 📍 Session: EU
[2026-04-08 09:45:01] ✅ Credentials geladen: bg_289d1...
[2026-04-08 09:45:01] ✅ BitgetClient initialisiert [LIVE]
[2026-04-08 09:45:01] 
🔍 Suche Breakouts...
[2026-04-08 09:45:01]    ⏭️  SOL: übersprungen (Position bereits offen)
[2026-04-08 09:45:02] 
📊 Bestehende Positionen: SOL SHORT
[2026-04-08 09:45:02]    🔍 APEX EU: Kein Breakout – kein Trade
[2026-04-08 09:45:02] ✅ Telegram message sent
[2026-04-08 09:45:02] NO_REPLY
[2026-04-08 10:00:01] ============================================================
[2026-04-08 10:00:01] APEX - Autonomous Trade Check
[2026-04-08 10:00:01] ============================================================
[2026-04-08 10:00:01] 📍 Session: EU
[2026-04-08 10:00:01] ✅ Credentials geladen: bg_289d1...
[2026-04-08 10:00:01] ✅ BitgetClient initialisiert [LIVE]
[2026-04-08 10:00:01] 
🔍 Suche Breakouts...
[2026-04-08 10:00:02]    ⏭️  SOL: übersprungen (Position bereits offen)
[2026-04-08 10:00:02] 
📊 Bestehende Positionen: SOL SHORT
[2026-04-08 10:00:02]    🔍 APEX EU: Kein Breakout – kein Trade
[2026-04-08 10:00:03] ✅ Telegram message sent
[2026-04-08 10:00:03] NO_REPLY
[2026-04-08 10:15:01] ============================================================
[2026-04-08 10:15:01] APEX - Autonomous Trade Check
[2026-04-08 10:15:01] ============================================================
[2026-04-08 10:15:01] 📍 Session: EU
[2026-04-08 10:15:01] ✅ Credentials geladen: bg_289d1...
[2026-04-08 10:15:01] ✅ BitgetClient initialisiert [LIVE]
[2026-04-08 10:15:01] 
🔍 Suche Breakouts...
[2026-04-08 10:15:02]    ⏭️  SOL: übersprungen (Position bereits offen)
[2026-04-08 10:15:03] 
📊 Bestehende Positionen: SOL SHORT
[2026-04-08 10:15:03]    🔍 APEX EU: Kein Breakout – kein Trade
[2026-04-08 10:15:03] ✅ Telegram message sent
[2026-04-08 10:15:03] NO_REPLY
[2026-04-08 10:30:01] ✅ Credentials geladen: bg_289d1...
[2026-04-08 10:30:01] ✅ BitgetClient initialisiert [LIVE]
[2026-04-08 10:30:02] 🇪🇺 *Europa Session Abschluss*

*Trade:* ⏭️ Geskippt (Position offen)
  SOL SHORT @ $84.9110 🟢 $+0.22

*Account Equity:* $70.97 USDT
*P&L vs Start:* 📈 +$2.64 (+3.86%)
_(Startkapital: $68.33 USDT)_
[2026-04-08 10:30:02] ✅ Telegram message sent
[2026-04-08 10:30:02] NO_REPLY
[2026-04-09 08:30:01] ✅ Credentials geladen: bg_289d1...
[2026-04-09 08:30:01] ✅ BitgetClient initialisiert [LIVE]
[2026-04-09 08:30:03] 🇪🇺 APEX Pre-Market: Europa (London Open)

✅ Bitget API verbunden
💰 Balance: $71.48 USDT
📊 Offene Positionen: 1
  XRP SHORT | Entry: $1.34 | 🟢 P&L: $+0.95

ETH: $2,176.9500 | SOL: $81.9570 | AVAX: $9.0210 | XRP: $1.3270

✅ System bereit fuer Europa (London Open)
[2026-04-09 08:30:03] ✅ Telegram message sent
[2026-04-09 08:30:03] NO_REPLY
[2026-04-09 09:15:01] ✅ Credentials geladen: bg_289d1...
[2026-04-09 09:15:01] ✅ BitgetClient initialisiert [LIVE]
[2026-04-09 09:15:01] ============================================================
[2026-04-09 09:15:01] APEX - Opening Range Capture
[2026-04-09 09:15:01] ============================================================
[2026-04-09 09:15:01] 
📊 ETH:
[2026-04-09 09:15:01]    High: $2,181.02
[2026-04-09 09:15:01]    Low:  $2,176.44
[2026-04-09 09:15:01]    Range: $4.58
[2026-04-09 09:15:02] 
📊 SOL:
[2026-04-09 09:15:02]    High: $82.31
[2026-04-09 09:15:02]    Low:  $82.14
[2026-04-09 09:15:02]    Range: $0.16
[2026-04-09 09:15:04] ⚠️  AVAX: Box Range $0.0340 < Min $0.0400 – übersprungen
[2026-04-09 09:15:04] ⚠️  XRP: Box Range $0.0021 < Min $0.0030 – übersprungen
[2026-04-09 09:15:04] 
✅ Boxes saved to /root/apex-trading-bot/data/opening_range_boxes.json
[2026-04-09 09:15:04] ✅ Telegram message sent
[2026-04-09 09:15:04] NO_REPLY
[2026-04-09 09:30:01] ============================================================
[2026-04-09 09:30:01] APEX - Autonomous Trade Check
[2026-04-09 09:30:01] ============================================================
[2026-04-09 09:30:01] 📍 Session: EU
[2026-04-09 09:30:01] ✅ Credentials geladen: bg_289d1...
[2026-04-09 09:30:01] ✅ BitgetClient initialisiert [LIVE]
[2026-04-09 09:30:01] 
🔍 Suche Breakouts...
[2026-04-09 09:30:03]    🔍 APEX EU: Kein Breakout – kein Trade
[2026-04-09 09:30:03] ✅ Telegram message sent
[2026-04-09 09:30:03] NO_REPLY
[2026-04-09 09:45:01] ============================================================
[2026-04-09 09:45:01] APEX - Autonomous Trade Check
[2026-04-09 09:45:01] ============================================================
[2026-04-09 09:45:01] 📍 Session: EU
[2026-04-09 09:45:01] ✅ Credentials geladen: bg_289d1...
[2026-04-09 09:45:01] ✅ BitgetClient initialisiert [LIVE]
[2026-04-09 09:45:01] 
🔍 Suche Breakouts...
[2026-04-09 09:45:02]    🔍 APEX EU: Kein Breakout – kein Trade
[2026-04-09 09:45:02] ✅ Telegram message sent
[2026-04-09 09:45:02] NO_REPLY
[2026-04-09 10:00:01] ============================================================
[2026-04-09 10:00:01] APEX - Autonomous Trade Check
[2026-04-09 10:00:01] ============================================================
[2026-04-09 10:00:01] 📍 Session: EU
[2026-04-09 10:00:01] ✅ Credentials geladen: bg_289d1...
[2026-04-09 10:00:01] ✅ BitgetClient initialisiert [LIVE]
[2026-04-09 10:00:01] 
🔍 Suche Breakouts...
[2026-04-09 10:00:02]    🔍 APEX EU: Kein Breakout – kein Trade
[2026-04-09 10:00:02] ✅ Telegram message sent
[2026-04-09 10:00:02] NO_REPLY
[2026-04-09 10:15:01] ============================================================
[2026-04-09 10:15:01] APEX - Autonomous Trade Check
[2026-04-09 10:15:01] ============================================================
[2026-04-09 10:15:01] 📍 Session: EU
[2026-04-09 10:15:01] ✅ Credentials geladen: bg_289d1...
[2026-04-09 10:15:01] ✅ BitgetClient initialisiert [LIVE]
[2026-04-09 10:15:01] 
🔍 Suche Breakouts...
[2026-04-09 10:15:02]    🔍 APEX EU: Kein Breakout – kein Trade
[2026-04-09 10:15:02] ✅ Telegram message sent
[2026-04-09 10:15:02] NO_REPLY
[2026-04-09 10:30:02] ✅ Credentials geladen: bg_289d1...
[2026-04-09 10:30:02] ✅ BitgetClient initialisiert [LIVE]
[2026-04-09 10:30:02] 🇪🇺 *Europa Session Abschluss*

*Trade:* ✅ Kein Signal – kein Trade

*Account Equity:* $70.98 USDT
*P&L vs Start:* 📈 +$2.65 (+3.88%)
_(Startkapital: $68.33 USDT)_
[2026-04-09 10:30:02] ✅ Telegram message sent
[2026-04-09 10:30:02] NO_REPLY
[2026-04-10 08:30:01] ✅ Credentials geladen: bg_289d1...
[2026-04-10 08:30:01] ✅ BitgetClient initialisiert [LIVE]
[2026-04-10 08:30:03] 🇪🇺 APEX Pre-Market: Europa (London Open)

✅ Bitget API verbunden
💰 Balance: $67.80 USDT
📊 Keine offenen Positionen

ETH: $2,189.8400 | SOL: $83.2800 | AVAX: $9.3470 | XRP: $1.3437

✅ System bereit fuer Europa (London Open)
[2026-04-10 08:30:03] ✅ Telegram message sent
[2026-04-10 08:30:03] NO_REPLY
[2026-04-10 09:15:01] ✅ Credentials geladen: bg_289d1...
[2026-04-10 09:15:01] ✅ BitgetClient initialisiert [LIVE]
[2026-04-10 09:15:01] ============================================================
[2026-04-10 09:15:01] APEX - Opening Range Capture
[2026-04-10 09:15:01] ============================================================
[2026-04-10 09:15:01] 
📊 ETH:
[2026-04-10 09:15:01]    High: $2,187.47
[2026-04-10 09:15:01]    Low:  $2,183.00
[2026-04-10 09:15:01]    Range: $4.47
[2026-04-10 09:15:02] 
📊 SOL:
[2026-04-10 09:15:02]    High: $83.24
[2026-04-10 09:15:02]    Low:  $83.10
[2026-04-10 09:15:02]    Range: $0.14
[2026-04-10 09:15:04] ⚠️  AVAX: Box Range $0.0390 < Min $0.0400 – übersprungen
[2026-04-10 09:15:04] 
📊 XRP:
[2026-04-10 09:15:04]    High: $1.34
[2026-04-10 09:15:04]    Low:  $1.34
[2026-04-10 09:15:04]    Range: $0.00
[2026-04-10 09:15:05] 
✅ Boxes saved to /root/apex-trading-bot/data/opening_range_boxes.json
[2026-04-10 09:15:05] ✅ Telegram message sent
[2026-04-10 09:15:05] NO_REPLY
[2026-04-10 09:30:02] ============================================================
[2026-04-10 09:30:02] APEX - Autonomous Trade Check
[2026-04-10 09:30:02] ============================================================
[2026-04-10 09:30:02] 📍 Session: EU
[2026-04-10 09:30:02] ✅ Credentials geladen: bg_289d1...
[2026-04-10 09:30:02] ✅ BitgetClient initialisiert [LIVE]
[2026-04-10 09:30:02] 
🔍 Suche Breakouts...
[2026-04-10 09:30:03]    🔍 APEX EU: Kein Breakout – kein Trade
[2026-04-10 09:30:03] ✅ Telegram message sent
[2026-04-10 09:30:03] NO_REPLY
[2026-04-10 09:45:01] ============================================================
[2026-04-10 09:45:01] APEX - Autonomous Trade Check
[2026-04-10 09:45:01] ============================================================
[2026-04-10 09:45:01] 📍 Session: EU
[2026-04-10 09:45:01] ✅ Credentials geladen: bg_289d1...
[2026-04-10 09:45:01] ✅ BitgetClient initialisiert [LIVE]
[2026-04-10 09:45:01] 
🔍 Suche Breakouts...
[2026-04-10 09:45:02]    🔍 APEX EU: Kein Breakout – kein Trade
[2026-04-10 09:45:03] ✅ Telegram message sent
[2026-04-10 09:45:03] NO_REPLY
[2026-04-10 10:00:01] ============================================================
[2026-04-10 10:00:01] APEX - Autonomous Trade Check
[2026-04-10 10:00:01] ============================================================
[2026-04-10 10:00:01] 📍 Session: EU
[2026-04-10 10:00:01] ✅ Credentials geladen: bg_289d1...
[2026-04-10 10:00:01] ✅ BitgetClient initialisiert [LIVE]
[2026-04-10 10:00:01] 
🔍 Suche Breakouts...
[2026-04-10 10:00:02] ⚠️  Bitget 429 – Rate Limit. Warte 5s (Versuch 1/3)...
[2026-04-10 10:00:08]    📐 Trend-Kontext: EMA200=2204.2605 | ATR14=6.4161 | Richtung=below | Box/ATR=0.697
[2026-04-10 10:00:08] 
🎯 BREAKOUT!
[2026-04-10 10:00:08]    ETH SHORT
[2026-04-10 10:00:08]    Preis: $2,178.8100
[2026-04-10 10:00:08]    Box:   $2,183.0000 – $2,187.4700
[2026-04-10 10:00:08]    Distanz: $4.1900
[2026-04-10 10:00:08] 
💰 Balance: $67.80 USDT | Risk/Trade: $1.36
[2026-04-10 10:00:08] 
🚀 Führe short Trade aus...
[2026-04-10 10:00:09] ✅ Leverage 5x gesetzt für ETH
[2026-04-10 10:00:09]    🧹 Bereinige verbleibende TP/SL-Orders für ETH...
[2026-04-10 10:00:12]    📊 Market-Structure: OI=700677 | L/S=0.021 | Taker-Buy=0.321
[2026-04-10 10:00:17]    ✅ SL aktiv (Preset)
[2026-04-10 10:00:17]    ✅ TP1 1:1 @ $2,167.0712 (Size 0.07) gesetzt
[2026-04-10 10:00:18]    ✅ TP2 3:1 @ $2,144.4936 (Size 0.06) gesetzt
[2026-04-10 10:00:18] 
✅ TRADE AUSGEFÜHRT
[2026-04-10 10:00:18]    Entry:       $2,178.3600
[2026-04-10 10:00:18]    Size:        0.13
[2026-04-10 10:00:18]    Stop-Loss:   $2,189.6488  (Risk: $1.36)
[2026-04-10 10:00:18]    TP1 (1:1):   $2,167.0712  (Size 0.07)
[2026-04-10 10:00:18]    TP2 (3:1):   $2,144.4936  (Size 0.06)
[2026-04-10 10:00:18]    Hebel:       5x
[2026-04-10 10:00:18] ✅ Telegram message sent
[2026-04-10 10:00:18] NO_REPLY
[2026-04-10 10:15:01] ============================================================
[2026-04-10 10:15:01] APEX - Autonomous Trade Check
[2026-04-10 10:15:01] ============================================================
[2026-04-10 10:15:01] 📍 Session: EU
[2026-04-10 10:15:01] 
✅ ⏭️ APEX EU: Skip – bereits getradet
[2026-04-10 10:15:01] ✅ Telegram message sent
[2026-04-10 10:15:01] NO_REPLY
[2026-04-10 10:30:02] ✅ Credentials geladen: bg_289d1...
[2026-04-10 10:30:02] ✅ BitgetClient initialisiert [LIVE]
[2026-04-10 10:30:02] 🇪🇺 *Europa Session Abschluss*

*Trade:* ✅ 🔴 *ETH SHORT* @ $2,178.3600
  SL: $2,189.6488 | TP1: $2,167.0712

*Account Equity:* $67.03 USDT
*P&L vs Start:* 📉 $-1.30 (-1.90%)
_(Startkapital: $68.33 USDT)_
[2026-04-10 10:30:02] ✅ Telegram message sent
[2026-04-10 10:30:02] NO_REPLY
[2026-04-13 08:30:01] ✅ Credentials geladen: bg_289d1...
[2026-04-13 08:30:01] ✅ BitgetClient initialisiert [LIVE]
[2026-04-13 08:30:03] 🇪🇺 APEX Pre-Market: Europa (London Open)

✅ Bitget API verbunden
💰 Balance: $62.88 USDT
📊 Keine offenen Positionen

ETH: $2,195.8400 | SOL: $82.3220 | AVAX: $9.1700 | XRP: $1.3354

✅ System bereit fuer Europa (London Open)
[2026-04-13 08:30:03] ✅ Telegram message sent
[2026-04-13 08:30:03] NO_REPLY
[2026-04-13 09:00:11] ============================================================
[2026-04-13 09:00:11] APEX - Autonomous Trade Check
[2026-04-13 09:00:11] ============================================================
[2026-04-13 09:00:11] 📍 Session: EU
[2026-04-13 09:00:11] ✅ Credentials geladen: bg_289d1...
[2026-04-13 09:00:11] ✅ BitgetClient initialisiert [LIVE]
[2026-04-13 09:00:11] 
🔍 Suche Breakouts...
[2026-04-13 09:00:12]    ⏱️  Scan 09:00:12 | Candle-Close 09:00 | Latenz 12.3s
[2026-04-13 09:00:12]    ⏭️  ETH: Box 405 Min alt (Max 120 Min) – übersprungen
[2026-04-13 09:00:12]    ⏭️  SOL: Box 405 Min alt (Max 120 Min) – übersprungen
[2026-04-13 09:00:12]    ⏭️  XRP: Box 405 Min alt (Max 120 Min) – übersprungen
[2026-04-13 09:00:12]    🔍 APEX EU: Kein Breakout – kein Trade
[2026-04-13 09:00:12] NO_REPLY
[2026-04-13 09:05:11] ============================================================
[2026-04-13 09:05:11] APEX - Autonomous Trade Check
[2026-04-13 09:05:11] ============================================================
[2026-04-13 09:05:11] 📍 Session: EU
[2026-04-13 09:05:11] ✅ Credentials geladen: bg_289d1...
[2026-04-13 09:05:11] ✅ BitgetClient initialisiert [LIVE]
[2026-04-13 09:05:11] 
🔍 Suche Breakouts...
[2026-04-13 09:05:12]    ⏱️  Scan 09:05:12 | Candle-Close 09:05 | Latenz 12.9s
[2026-04-13 09:05:12]    ⏭️  ETH: Box 410 Min alt (Max 120 Min) – übersprungen
[2026-04-13 09:05:12]    ⏭️  SOL: Box 410 Min alt (Max 120 Min) – übersprungen
[2026-04-13 09:05:12]    ⏭️  XRP: Box 410 Min alt (Max 120 Min) – übersprungen
[2026-04-13 09:05:12]    🔍 APEX EU: Kein Breakout – kein Trade
[2026-04-13 09:05:12] NO_REPLY
[2026-04-13 09:10:12] ============================================================
[2026-04-13 09:10:12] APEX - Autonomous Trade Check
[2026-04-13 09:10:12] ============================================================
[2026-04-13 09:10:12] 📍 Session: EU
[2026-04-13 09:10:12] ✅ Credentials geladen: bg_289d1...
[2026-04-13 09:10:12] ✅ BitgetClient initialisiert [LIVE]
[2026-04-13 09:10:12] 
🔍 Suche Breakouts...
[2026-04-13 09:10:12]    ⏱️  Scan 09:10:12 | Candle-Close 09:10 | Latenz 12.4s
[2026-04-13 09:10:12]    ⏭️  ETH: Box 415 Min alt (Max 120 Min) – übersprungen
[2026-04-13 09:10:12]    ⏭️  SOL: Box 415 Min alt (Max 120 Min) – übersprungen
[2026-04-13 09:10:12]    ⏭️  XRP: Box 415 Min alt (Max 120 Min) – übersprungen
[2026-04-13 09:10:12]    🔍 APEX EU: Kein Breakout – kein Trade
[2026-04-13 09:10:12] NO_REPLY
[2026-04-13 09:15:01] ✅ Credentials geladen: bg_289d1...
[2026-04-13 09:15:01] ✅ BitgetClient initialisiert [LIVE]
[2026-04-13 09:15:01] ============================================================
[2026-04-13 09:15:01] APEX - Opening Range Capture
[2026-04-13 09:15:01] ============================================================
[2026-04-13 09:15:01] 
📊 ETH:
[2026-04-13 09:15:01]    High: $2,201.30
[2026-04-13 09:15:01]    Low:  $2,196.19
[2026-04-13 09:15:01]    Range: $5.11
[2026-04-13 09:15:03] 
📊 SOL:
[2026-04-13 09:15:03]    High: $82.365
[2026-04-13 09:15:03]    Low:  $82.140
[2026-04-13 09:15:03]    Range: $0.225
[2026-04-13 09:15:04] ⚠️  AVAX: Box Range $0.0380 < Min $0.0400 – übersprungen
[2026-04-13 09:15:04] 
📊 XRP:
[2026-04-13 09:15:04]    High: $1.3348
[2026-04-13 09:15:04]    Low:  $1.3313
[2026-04-13 09:15:04]    Range: $0.0035
[2026-04-13 09:15:05] 
✅ Boxes saved to /root/apex-trading-bot/data/opening_range_boxes.json
[2026-04-13 09:15:05] NO_REPLY
[2026-04-13 09:15:11] ============================================================
[2026-04-13 09:15:11] APEX - Autonomous Trade Check
[2026-04-13 09:15:11] ============================================================
[2026-04-13 09:15:11] 📍 Session: EU
[2026-04-13 09:15:11] ✅ Credentials geladen: bg_289d1...
[2026-04-13 09:15:11] ✅ BitgetClient initialisiert [LIVE]
[2026-04-13 09:15:11] 
🔍 Suche Breakouts...
[2026-04-13 09:15:11]    ⏱️  Scan 09:15:11 | Candle-Close 09:15 | Latenz 11.9s
[2026-04-13 09:15:12]    🕯️  ETH: Body 51% | Close-Pos 10% ↓ | Vol 1.36x
[2026-04-13 09:15:13]    📐 Trend-Kontext: EMA200=2224.4170 | ATR14=6.1253 | 15m=below ✅ | 4H=above ❌ | Box/ATR=0.834
[2026-04-13 09:15:13] 
🎯 BREAKOUT!
[2026-04-13 09:15:13]    ETH SHORT
[2026-04-13 09:15:13]    Preis: $2,191.0100
[2026-04-13 09:15:13]    Box:   $2,196.1900 – $2,201.3000
[2026-04-13 09:15:13]    Distanz: $5.1800
[2026-04-13 09:15:13] 
💰 Balance: $62.88 USDT | Risk/Trade: $1.26
[2026-04-13 09:15:13] 
🚀 Führe short Trade aus...
[2026-04-13 09:15:14] ✅ Leverage 5x gesetzt für ETH
[2026-04-13 09:15:14]    🧹 Bereinige verbleibende TP/SL-Orders für ETH...
[2026-04-13 09:15:17]    📊 Market-Structure: OI=734903 | Long%=67.39% | Taker=0.485 | Funding=+0.0100%
[2026-04-13 09:15:22]    ✅ SL aktiv (Preset)
[2026-04-13 09:15:23]    ✅ TP1 1:1 @ $2,178.4290 (Size 0.05) gesetzt
[2026-04-13 09:15:23]    ✅ TP2 3:1 @ $2,153.3670 (Size 0.05) gesetzt
[2026-04-13 09:15:23] 
✅ TRADE AUSGEFÜHRT
[2026-04-13 09:15:23]    Entry:       $2,190.9600
[2026-04-13 09:15:23]    Size:        0.1
[2026-04-13 09:15:23]    Stop-Loss:   $2,203.4910  (Risk: $1.26)
[2026-04-13 09:15:23]    TP1 (1:1):   $2,178.4290  (Size 0.05)
[2026-04-13 09:15:23]    TP2 (3:1):   $2,153.3670  (Size 0.05)
[2026-04-13 09:15:23]    Hebel:       5x
[2026-04-13 09:15:23] ✅ Telegram message sent
[2026-04-13 09:15:23] NO_REPLY
[2026-04-13 09:20:11] ============================================================
[2026-04-13 09:20:11] APEX - Autonomous Trade Check
[2026-04-13 09:20:11] ============================================================
[2026-04-13 09:20:11] 📍 Session: EU
[2026-04-13 09:20:11] 
✅ ⏭️ APEX EU: Skip – bereits getradet
[2026-04-13 09:20:11] NO_REPLY
[2026-04-13 09:25:11] ============================================================
[2026-04-13 09:25:11] APEX - Autonomous Trade Check
[2026-04-13 09:25:11] ============================================================
[2026-04-13 09:25:11] 📍 Session: EU
[2026-04-13 09:25:11] 
✅ ⏭️ APEX EU: Skip – bereits getradet
[2026-04-13 09:25:11] NO_REPLY
[2026-04-13 09:30:11] ============================================================
[2026-04-13 09:30:11] APEX - Autonomous Trade Check
[2026-04-13 09:30:11] ============================================================
[2026-04-13 09:30:11] 📍 Session: EU
[2026-04-13 09:30:11] 
✅ ⏭️ APEX EU: Skip – bereits getradet
[2026-04-13 09:30:11] NO_REPLY
[2026-04-13 09:35:11] ============================================================
[2026-04-13 09:35:11] APEX - Autonomous Trade Check
[2026-04-13 09:35:11] ============================================================
[2026-04-13 09:35:11] 📍 Session: EU
[2026-04-13 09:35:11] 
✅ ⏭️ APEX EU: Skip – bereits getradet
[2026-04-13 09:35:11] NO_REPLY
[2026-04-13 09:40:11] ============================================================
[2026-04-13 09:40:11] APEX - Autonomous Trade Check
[2026-04-13 09:40:11] ============================================================
[2026-04-13 09:40:11] 📍 Session: EU
[2026-04-13 09:40:11] 
✅ ⏭️ APEX EU: Skip – bereits getradet
[2026-04-13 09:40:11] NO_REPLY
[2026-04-13 09:45:12] ============================================================
[2026-04-13 09:45:12] APEX - Autonomous Trade Check
[2026-04-13 09:45:12] ============================================================
[2026-04-13 09:45:12] 📍 Session: EU
[2026-04-13 09:45:12] 
✅ ⏭️ APEX EU: Skip – bereits getradet
[2026-04-13 09:45:12] NO_REPLY
[2026-04-13 09:50:11] ============================================================
[2026-04-13 09:50:11] APEX - Autonomous Trade Check
[2026-04-13 09:50:11] ============================================================
[2026-04-13 09:50:11] 📍 Session: EU
[2026-04-13 09:50:11] 
✅ ⏭️ APEX EU: Skip – bereits getradet
[2026-04-13 09:50:11] NO_REPLY
[2026-04-13 09:55:11] ============================================================
[2026-04-13 09:55:11] APEX - Autonomous Trade Check
[2026-04-13 09:55:11] ============================================================
[2026-04-13 09:55:11] 📍 Session: EU
[2026-04-13 09:55:11] 
✅ ⏭️ APEX EU: Skip – bereits getradet
[2026-04-13 09:55:11] NO_REPLY
[2026-04-13 10:00:11] ============================================================
[2026-04-13 10:00:11] APEX - Autonomous Trade Check
[2026-04-13 10:00:11] ============================================================
[2026-04-13 10:00:11] 📍 Session: EU
[2026-04-13 10:00:11] 
✅ ⏭️ APEX EU: Skip – bereits getradet
[2026-04-13 10:00:11] NO_REPLY
[2026-04-13 10:05:11] ============================================================
[2026-04-13 10:05:11] APEX - Autonomous Trade Check
[2026-04-13 10:05:11] ============================================================
[2026-04-13 10:05:11] 📍 Session: EU
[2026-04-13 10:05:11] 
✅ ⏭️ APEX EU: Skip – bereits getradet
[2026-04-13 10:05:11] NO_REPLY
[2026-04-13 10:10:12] ============================================================
[2026-04-13 10:10:12] APEX - Autonomous Trade Check
[2026-04-13 10:10:12] ============================================================
[2026-04-13 10:10:12] 📍 Session: EU
[2026-04-13 10:10:12] 
✅ ⏭️ APEX EU: Skip – bereits getradet
[2026-04-13 10:10:12] NO_REPLY
[2026-04-13 10:15:11] ============================================================
[2026-04-13 10:15:11] APEX - Autonomous Trade Check
[2026-04-13 10:15:11] ============================================================
[2026-04-13 10:15:11] 📍 Session: EU
[2026-04-13 10:15:11] 
✅ ⏭️ APEX EU: Skip – bereits getradet
[2026-04-13 10:15:11] NO_REPLY
[2026-04-13 10:20:11] ============================================================
[2026-04-13 10:20:11] APEX - Autonomous Trade Check
[2026-04-13 10:20:11] ============================================================
[2026-04-13 10:20:11] 📍 Session: EU
[2026-04-13 10:20:11] 
✅ ⏭️ APEX EU: Skip – bereits getradet
[2026-04-13 10:20:11] NO_REPLY
[2026-04-13 10:25:11] ============================================================
[2026-04-13 10:25:11] APEX - Autonomous Trade Check
[2026-04-13 10:25:11] ============================================================
[2026-04-13 10:25:11] 📍 Session: EU
[2026-04-13 10:25:11] 
✅ ⏭️ APEX EU: Skip – bereits getradet
[2026-04-13 10:25:11] NO_REPLY
[2026-04-13 10:30:01] ✅ Credentials geladen: bg_289d1...
[2026-04-13 10:30:01] ✅ BitgetClient initialisiert [LIVE]
[2026-04-13 10:30:02] 🇪🇺 *Europa Session Abschluss*

*Trade:* ✅ 🔴 *ETH SHORT* @ $2,190.9600
  SL: $2,203.4910 | TP1: $2,178.4290

*Account Equity:* $63.35 USDT
*P&L vs Start:* 📉 $-4.98 (-7.29%)
_(Startkapital: $68.33 USDT)_
[2026-04-13 10:30:02] ✅ Telegram message sent
[2026-04-13 10:30:02] NO_REPLY
[2026-04-13 10:30:11] ============================================================
[2026-04-13 10:30:11] APEX - Autonomous Trade Check
[2026-04-13 10:30:11] ============================================================
[2026-04-13 10:30:11] 📍 Session: EU
[2026-04-13 10:30:11] 
✅ ⏭️ APEX EU: Skip – bereits getradet
[2026-04-13 10:30:11] NO_REPLY
[2026-04-13 10:35:12] ============================================================
[2026-04-13 10:35:12] APEX - Autonomous Trade Check
[2026-04-13 10:35:12] ============================================================
[2026-04-13 10:35:12] 📍 Session: EU
[2026-04-13 10:35:12] 
✅ ⏭️ APEX EU: Skip – bereits getradet
[2026-04-13 10:35:12] NO_REPLY
[2026-04-13 10:40:11] ============================================================
[2026-04-13 10:40:11] APEX - Autonomous Trade Check
[2026-04-13 10:40:11] ============================================================
[2026-04-13 10:40:11] 📍 Session: EU
[2026-04-13 10:40:11] 
✅ ⏭️ APEX EU: Skip – bereits getradet
[2026-04-13 10:40:11] NO_REPLY
[2026-04-13 10:45:11] ============================================================
[2026-04-13 10:45:11] APEX - Autonomous Trade Check
[2026-04-13 10:45:11] ============================================================
[2026-04-13 10:45:11] 📍 Session: EU
[2026-04-13 10:45:11] 
✅ ⏭️ APEX EU: Skip – bereits getradet
[2026-04-13 10:45:11] NO_REPLY
[2026-04-13 10:50:11] ============================================================
[2026-04-13 10:50:11] APEX - Autonomous Trade Check
[2026-04-13 10:50:11] ============================================================
[2026-04-13 10:50:11] 📍 Session: EU
[2026-04-13 10:50:11] 
✅ ⏭️ APEX EU: Skip – bereits getradet
[2026-04-13 10:50:11] NO_REPLY
[2026-04-13 10:55:11] ============================================================
[2026-04-13 10:55:11] APEX - Autonomous Trade Check
[2026-04-13 10:55:11] ============================================================
[2026-04-13 10:55:11] 📍 Session: EU
[2026-04-13 10:55:11] 
✅ ⏭️ APEX EU: Skip – bereits getradet
[2026-04-13 10:55:11] NO_REPLY
[2026-04-14 08:30:01] ✅ Credentials geladen: bg_289d1...
[2026-04-14 08:30:01] ✅ BitgetClient initialisiert [LIVE]
[2026-04-14 08:30:03] 🇪🇺 APEX Pre-Market: Europa (London Open)

✅ Bitget API verbunden
💰 Balance: $66.99 USDT
📊 Offene Positionen: 1
  AVAX SHORT | Entry: $9.58 | 🟢 P&L: $+0.86

ETH: $2,363.7300 | SOL: $85.6600 | AVAX: $9.4010 | XRP: $1.3677

✅ System bereit fuer Europa (London Open)
[2026-04-14 08:30:04] ✅ Telegram message sent
[2026-04-14 08:30:04] NO_REPLY
[2026-04-14 09:00:11] ============================================================
[2026-04-14 09:00:11] APEX - Autonomous Trade Check
[2026-04-14 09:00:11] ============================================================
[2026-04-14 09:00:11] 📍 Session: EU
[2026-04-14 09:00:11] ✅ Credentials geladen: bg_289d1...
[2026-04-14 09:00:11] ✅ BitgetClient initialisiert [LIVE]
[2026-04-14 09:00:11] 
🔍 Suche Breakouts...
[2026-04-14 09:00:12]    ⏱️  Scan 09:00:12 | Candle-Close 09:00 | Latenz 12.3s
[2026-04-14 09:00:12]    ⏭️  ETH: Box 405 Min alt (Max 120 Min) – übersprungen
[2026-04-14 09:00:12]    ⏭️  SOL: Box 405 Min alt (Max 120 Min) – übersprungen
[2026-04-14 09:00:12]    ⏭️  AVAX: übersprungen (Position bereits offen)
[2026-04-14 09:00:12]    ⏭️  XRP: Box 405 Min alt (Max 120 Min) – übersprungen
[2026-04-14 09:00:12] 
📊 Bestehende Positionen: AVAX SHORT
[2026-04-14 09:00:12]    🔍 APEX EU: Kein Breakout – kein Trade
[2026-04-14 09:00:12] NO_REPLY
[2026-04-14 09:05:11] ============================================================
[2026-04-14 09:05:11] APEX - Autonomous Trade Check
[2026-04-14 09:05:11] ============================================================
[2026-04-14 09:05:11] 📍 Session: EU
[2026-04-14 09:05:11] ✅ Credentials geladen: bg_289d1...
[2026-04-14 09:05:11] ✅ BitgetClient initialisiert [LIVE]
[2026-04-14 09:05:11] 
🔍 Suche Breakouts...
[2026-04-14 09:05:11]    ⏱️  Scan 09:05:11 | Candle-Close 09:05 | Latenz 11.9s
[2026-04-14 09:05:11]    ⏭️  ETH: Box 410 Min alt (Max 120 Min) – übersprungen
[2026-04-14 09:05:11]    ⏭️  SOL: Box 410 Min alt (Max 120 Min) – übersprungen
[2026-04-14 09:05:11]    ⏭️  AVAX: übersprungen (Position bereits offen)
[2026-04-14 09:05:11]    ⏭️  XRP: Box 410 Min alt (Max 120 Min) – übersprungen
[2026-04-14 09:05:11] 
📊 Bestehende Positionen: AVAX SHORT
[2026-04-14 09:05:11]    🔍 APEX EU: Kein Breakout – kein Trade
[2026-04-14 09:05:11] NO_REPLY
[2026-04-14 09:10:12] ============================================================
[2026-04-14 09:10:12] APEX - Autonomous Trade Check
[2026-04-14 09:10:12] ============================================================
[2026-04-14 09:10:12] 📍 Session: EU
[2026-04-14 09:10:12] ✅ Credentials geladen: bg_289d1...
[2026-04-14 09:10:12] ✅ BitgetClient initialisiert [LIVE]
[2026-04-14 09:10:12] 
🔍 Suche Breakouts...
[2026-04-14 09:10:12]    ⏱️  Scan 09:10:12 | Candle-Close 09:10 | Latenz 12.4s
[2026-04-14 09:10:12]    ⏭️  ETH: Box 415 Min alt (Max 120 Min) – übersprungen
[2026-04-14 09:10:12]    ⏭️  SOL: Box 415 Min alt (Max 120 Min) – übersprungen
[2026-04-14 09:10:12]    ⏭️  AVAX: übersprungen (Position bereits offen)
[2026-04-14 09:10:12]    ⏭️  XRP: Box 415 Min alt (Max 120 Min) – übersprungen
[2026-04-14 09:10:12] 
📊 Bestehende Positionen: AVAX SHORT
[2026-04-14 09:10:12]    🔍 APEX EU: Kein Breakout – kein Trade
[2026-04-14 09:10:12] NO_REPLY
[2026-04-14 09:15:01] ✅ Credentials geladen: bg_289d1...
[2026-04-14 09:15:01] ✅ BitgetClient initialisiert [LIVE]
[2026-04-14 09:15:01] ============================================================
[2026-04-14 09:15:01] APEX - Opening Range Capture
[2026-04-14 09:15:01] ============================================================
[2026-04-14 09:15:01] 
📊 ETH:
[2026-04-14 09:15:01]    High: $2,388.00
[2026-04-14 09:15:01]    Low:  $2,369.40
[2026-04-14 09:15:01]    Range: $18.60
[2026-04-14 09:15:03] 
📊 SOL:
[2026-04-14 09:15:03]    High: $86.150
[2026-04-14 09:15:03]    Low:  $85.782
[2026-04-14 09:15:03]    Range: $0.368
[2026-04-14 09:15:04] 
📊 AVAX:
[2026-04-14 09:15:04]    High: $9.451
[2026-04-14 09:15:04]    Low:  $9.395
[2026-04-14 09:15:04]    Range: $0.056
[2026-04-14 09:15:05] 
📊 XRP:
[2026-04-14 09:15:05]    High: $1.3769
[2026-04-14 09:15:05]    Low:  $1.3700
[2026-04-14 09:15:05]    Range: $0.0069
[2026-04-14 09:15:06] 
✅ Boxes saved to /root/apex-trading-bot/data/opening_range_boxes.json
[2026-04-14 09:15:06] NO_REPLY
[2026-04-14 09:15:11] ============================================================
[2026-04-14 09:15:11] APEX - Autonomous Trade Check
[2026-04-14 09:15:11] ============================================================
[2026-04-14 09:15:11] 📍 Session: EU
[2026-04-14 09:15:11] ✅ Credentials geladen: bg_289d1...
[2026-04-14 09:15:11] ✅ BitgetClient initialisiert [LIVE]
[2026-04-14 09:15:11] 
🔍 Suche Breakouts...
[2026-04-14 09:15:11]    ⏱️  Scan 09:15:11 | Candle-Close 09:15 | Latenz 11.9s
[2026-04-14 09:15:12]    ⏭️  AVAX: übersprungen (Position bereits offen)
[2026-04-14 09:15:12] 
📊 Bestehende Positionen: AVAX SHORT
[2026-04-14 09:15:12]    🔍 APEX EU: Kein Breakout – kein Trade
[2026-04-14 09:15:12] NO_REPLY
[2026-04-14 09:20:12] ============================================================
[2026-04-14 09:20:12] APEX - Autonomous Trade Check
[2026-04-14 09:20:12] ============================================================
[2026-04-14 09:20:12] 📍 Session: EU
[2026-04-14 09:20:12] ✅ Credentials geladen: bg_289d1...
[2026-04-14 09:20:12] ✅ BitgetClient initialisiert [LIVE]
[2026-04-14 09:20:12] 
🔍 Suche Breakouts...
[2026-04-14 09:20:12]    ⏱️  Scan 09:20:12 | Candle-Close 09:20 | Latenz 12.4s
[2026-04-14 09:20:12]    ⏭️  AVAX: übersprungen (Position bereits offen)
[2026-04-14 09:20:13] 
📊 Bestehende Positionen: AVAX SHORT
[2026-04-14 09:20:13]    🔍 APEX EU: Kein Breakout – kein Trade
[2026-04-14 09:20:13] NO_REPLY
[2026-04-14 09:25:11] ============================================================
[2026-04-14 09:25:11] APEX - Autonomous Trade Check
[2026-04-14 09:25:11] ============================================================
[2026-04-14 09:25:11] 📍 Session: EU
[2026-04-14 09:25:11] ✅ Credentials geladen: bg_289d1...
[2026-04-14 09:25:11] ✅ BitgetClient initialisiert [LIVE]
[2026-04-14 09:25:11] 
🔍 Suche Breakouts...
[2026-04-14 09:25:11]    ⏱️  Scan 09:25:11 | Candle-Close 09:25 | Latenz 11.8s
[2026-04-14 09:25:12]    ⏭️  AVAX: übersprungen (Position bereits offen)
[2026-04-14 09:25:13]    🕯️  XRP: Body 94% | Close-Pos 6% ↓ | Vol 2.10x
[2026-04-14 09:25:13]    📐 Trend-Kontext: EMA200=1.3389 | ATR14=0.0043 | 15m=above ❌ | 4H=above ❌ | Box/ATR=1.618
[2026-04-14 09:25:13] 
🎯 BREAKOUT!
[2026-04-14 09:25:13]    XRP SHORT
[2026-04-14 09:25:13]    Preis: $1.3686
[2026-04-14 09:25:13]    Box:   $1.3700 – $1.3769
[2026-04-14 09:25:13]    Distanz: $0.0014
[2026-04-14 09:25:14] 
💰 Balance: $66.98 USDT | Risk/Trade: $1.34
[2026-04-14 09:25:14] 
🚀 Führe short Trade aus...
[2026-04-14 09:25:14] ✅ Leverage 5x gesetzt für XRP
[2026-04-14 09:25:14]    🧹 Bereinige verbleibende TP/SL-Orders für XRP...
[2026-04-14 09:25:17]    📊 Market-Structure: OI=153656019 | Long%=67.48% | Taker=0.486 | Funding=+0.0100%
[2026-04-14 09:25:23]    ✅ SL aktiv (Preset)
[2026-04-14 09:25:23]    ✅ TP1 1:1 @ $1.3593 (Size 70.0) gesetzt
[2026-04-14 09:25:23]    ✅ TP2 3:1 @ $1.3404 (Size 69.0) gesetzt
[2026-04-14 09:25:23] 
✅ TRADE AUSGEFÜHRT
[2026-04-14 09:25:23]    Entry:       $1.3688
[2026-04-14 09:25:23]    Size:        139.0
[2026-04-14 09:25:23]    Stop-Loss:   $1.3783  (Risk: $1.34)
[2026-04-14 09:25:23]    TP1 (1:1):   $1.3593  (Size 70.0)
[2026-04-14 09:25:23]    TP2 (3:1):   $1.3404  (Size 69.0)
[2026-04-14 09:25:23]    Hebel:       5x
[2026-04-14 09:25:24] ✅ Telegram message sent
[2026-04-14 09:25:24] NO_REPLY
[2026-04-14 09:30:11] ============================================================
[2026-04-14 09:30:11] APEX - Autonomous Trade Check
[2026-04-14 09:30:11] ============================================================
[2026-04-14 09:30:11] 📍 Session: EU
[2026-04-14 09:30:11] 
✅ ⏭️ APEX EU: Skip – bereits getradet
[2026-04-14 09:30:11] NO_REPLY
[2026-04-14 09:35:11] ============================================================
[2026-04-14 09:35:11] APEX - Autonomous Trade Check
[2026-04-14 09:35:11] ============================================================
[2026-04-14 09:35:11] 📍 Session: EU
[2026-04-14 09:35:11] 
✅ ⏭️ APEX EU: Skip – bereits getradet
[2026-04-14 09:35:11] NO_REPLY
[2026-04-14 09:40:11] ============================================================
[2026-04-14 09:40:11] APEX - Autonomous Trade Check
[2026-04-14 09:40:11] ============================================================
[2026-04-14 09:40:11] 📍 Session: EU
[2026-04-14 09:40:11] 
✅ ⏭️ APEX EU: Skip – bereits getradet
[2026-04-14 09:40:11] NO_REPLY
[2026-04-14 09:45:11] ============================================================
[2026-04-14 09:45:11] APEX - Autonomous Trade Check
[2026-04-14 09:45:11] ============================================================
[2026-04-14 09:45:11] 📍 Session: EU
[2026-04-14 09:45:11] 
✅ ⏭️ APEX EU: Skip – bereits getradet
[2026-04-14 09:45:11] NO_REPLY
[2026-04-14 09:50:12] ============================================================
[2026-04-14 09:50:12] APEX - Autonomous Trade Check
[2026-04-14 09:50:12] ============================================================
[2026-04-14 09:50:12] 📍 Session: EU
[2026-04-14 09:50:12] 
✅ ⏭️ APEX EU: Skip – bereits getradet
[2026-04-14 09:50:12] NO_REPLY
[2026-04-14 09:55:11] ============================================================
[2026-04-14 09:55:11] APEX - Autonomous Trade Check
[2026-04-14 09:55:11] ============================================================
[2026-04-14 09:55:11] 📍 Session: EU
[2026-04-14 09:55:11] 
✅ ⏭️ APEX EU: Skip – bereits getradet
[2026-04-14 09:55:11] NO_REPLY
[2026-04-14 10:00:11] ============================================================
[2026-04-14 10:00:11] APEX - Autonomous Trade Check
[2026-04-14 10:00:11] ============================================================
[2026-04-14 10:00:11] 📍 Session: EU
[2026-04-14 10:00:11] 
✅ ⏭️ APEX EU: Skip – bereits getradet
[2026-04-14 10:00:11] NO_REPLY
[2026-04-14 10:05:11] ============================================================
[2026-04-14 10:05:11] APEX - Autonomous Trade Check
[2026-04-14 10:05:11] ============================================================
[2026-04-14 10:05:11] 📍 Session: EU
[2026-04-14 10:05:11] 
✅ ⏭️ APEX EU: Skip – bereits getradet
[2026-04-14 10:05:11] NO_REPLY
[2026-04-14 10:10:11] ============================================================
[2026-04-14 10:10:11] APEX - Autonomous Trade Check
[2026-04-14 10:10:11] ============================================================
[2026-04-14 10:10:11] 📍 Session: EU
[2026-04-14 10:10:11] 
✅ ⏭️ APEX EU: Skip – bereits getradet
[2026-04-14 10:10:11] NO_REPLY
[2026-04-14 10:15:11] ============================================================
[2026-04-14 10:15:11] APEX - Autonomous Trade Check
[2026-04-14 10:15:11] ============================================================
[2026-04-14 10:15:11] 📍 Session: EU
[2026-04-14 10:15:11] 
✅ ⏭️ APEX EU: Skip – bereits getradet
[2026-04-14 10:15:11] NO_REPLY
[2026-04-14 10:20:11] ============================================================
[2026-04-14 10:20:11] APEX - Autonomous Trade Check
[2026-04-14 10:20:11] ============================================================
[2026-04-14 10:20:11] 📍 Session: EU
[2026-04-14 10:20:11] 
✅ ⏭️ APEX EU: Skip – bereits getradet
[2026-04-14 10:20:11] NO_REPLY
[2026-04-14 10:25:11] ============================================================
[2026-04-14 10:25:11] APEX - Autonomous Trade Check
[2026-04-14 10:25:11] ============================================================
[2026-04-14 10:25:11] 📍 Session: EU
[2026-04-14 10:25:11] 
✅ ⏭️ APEX EU: Skip – bereits getradet
[2026-04-14 10:25:11] NO_REPLY
[2026-04-14 10:30:01] ✅ Credentials geladen: bg_289d1...
[2026-04-14 10:30:01] ✅ BitgetClient initialisiert [LIVE]
[2026-04-14 10:30:02] 🇪🇺 *Europa Session Abschluss*

*Trade:* ✅ 🔴 *XRP SHORT* @ $1.3688
  SL: $1.3783 | TP1: $1.3593

*Account Equity:* $66.81 USDT
*P&L vs Start:* 📉 $-1.52 (-2.23%)
_(Startkapital: $68.33 USDT)_
[2026-04-14 10:30:02] ✅ Telegram message sent
[2026-04-14 10:30:02] NO_REPLY
[2026-04-14 10:30:11] ============================================================
[2026-04-14 10:30:11] APEX - Autonomous Trade Check
[2026-04-14 10:30:11] ============================================================
[2026-04-14 10:30:11] 📍 Session: EU
[2026-04-14 10:30:11] 
✅ ⏭️ APEX EU: Skip – bereits getradet
[2026-04-14 10:30:11] NO_REPLY
[2026-04-14 10:35:12] ============================================================
[2026-04-14 10:35:12] APEX - Autonomous Trade Check
[2026-04-14 10:35:12] ============================================================
[2026-04-14 10:35:12] 📍 Session: EU
[2026-04-14 10:35:12] 
✅ ⏭️ APEX EU: Skip – bereits getradet
[2026-04-14 10:35:12] NO_REPLY
[2026-04-14 10:40:11] ============================================================
[2026-04-14 10:40:11] APEX - Autonomous Trade Check
[2026-04-14 10:40:11] ============================================================
[2026-04-14 10:40:11] 📍 Session: EU
[2026-04-14 10:40:11] 
✅ ⏭️ APEX EU: Skip – bereits getradet
[2026-04-14 10:40:11] NO_REPLY
[2026-04-14 10:45:11] ============================================================
[2026-04-14 10:45:11] APEX - Autonomous Trade Check
[2026-04-14 10:45:11] ============================================================
[2026-04-14 10:45:11] 📍 Session: EU
[2026-04-14 10:45:11] 
✅ ⏭️ APEX EU: Skip – bereits getradet
[2026-04-14 10:45:11] NO_REPLY
[2026-04-14 10:50:11] ============================================================
[2026-04-14 10:50:11] APEX - Autonomous Trade Check
[2026-04-14 10:50:11] ============================================================
[2026-04-14 10:50:11] 📍 Session: EU
[2026-04-14 10:50:11] 
✅ ⏭️ APEX EU: Skip – bereits getradet
[2026-04-14 10:50:11] NO_REPLY
[2026-04-14 10:55:11] ============================================================
[2026-04-14 10:55:11] APEX - Autonomous Trade Check
[2026-04-14 10:55:11] ============================================================
[2026-04-14 10:55:11] 📍 Session: EU
[2026-04-14 10:55:11] 
✅ ⏭️ APEX EU: Skip – bereits getradet
[2026-04-14 10:55:11] NO_REPLY
