✅ Credentials geladen: bg_289d1...
✅ BitgetClient initialisiert [LIVE]
🇺🇸 APEX Pre-Market: USA (NY Open)

✅ Bitget API verbunden
💰 Balance: $70.59 USDT
📊 Keine offenen Positionen

ETH: $2,031.7100 | SOL: $82.6430 | AVAX: $8.7810

✅ System bereit fuer USA (NY Open)
✅ Telegram message sent
NO_REPLY
✅ Credentials geladen: bg_289d1...
✅ BitgetClient initialisiert [LIVE]
🇺🇸 APEX Pre-Market: USA (NY Open)

✅ Bitget API verbunden
💰 Balance: $70.59 USDT
📊 Keine offenen Positionen

ETH: $2,031.7100 | SOL: $82.6350 | AVAX: $8.7810

✅ System bereit fuer USA (NY Open)
✅ Telegram message sent
NO_REPLY
✅ Credentials geladen: bg_289d1...
✅ BitgetClient initialisiert [LIVE]
============================================================
APEX - Opening Range Capture
============================================================

📊 ETH:
   High: $2,015.68
   Low:  $2,015.00
   Range: $0.68

📊 SOL:
   High: $82.17
   Low:  $82.15
   Range: $0.02

📊 AVAX:
   High: $8.75
   Low:  $8.75
   Range: $0.00

✅ Boxes saved to /root/apex-trading-bot/data/opening_range_boxes.json
✅ Telegram message sent
NO_REPLY
✅ Credentials geladen: bg_289d1...
✅ BitgetClient initialisiert [LIVE]
============================================================
APEX - Opening Range Capture
============================================================

📊 ETH:
   High: $2,015.68
   Low:  $2,015.00
   Range: $0.68

📊 SOL:
   High: $82.15
   Low:  $82.15
   Range: $0.00
⚠️  No candles for AVAX

✅ Boxes saved to /root/apex-trading-bot/data/opening_range_boxes.json
✅ Telegram message sent
NO_REPLY
============================================================
APEX - Autonomous Trade Check
============================================================
⏳ Anderer autonomous_trade.py läuft noch – Abbruch.
============================================================
APEX - Autonomous Trade Check
============================================================
📍 Session: US
✅ Credentials geladen: bg_289d1...
✅ BitgetClient initialisiert [LIVE]

🔍 Suche Breakouts...
   🔍 APEX US: Kein Breakout – kein Trade
✅ Telegram message sent
NO_REPLY
============================================================
APEX - Autonomous Trade Check
============================================================
⏳ Anderer autonomous_trade.py läuft noch – Abbruch.
Traceback (most recent call last):
  File "/root/apex-trading-bot/scripts/autonomous_trade.py", line 449, in <module>
    result = main()
             ^^^^^^
  File "/root/apex-trading-bot/scripts/autonomous_trade.py", line 404, in main
    result = execute_breakout_trade(
             ^^^^^^^^^^^^^^^^^^^^^^^
  File "/root/apex-trading-bot/scripts/autonomous_trade.py", line 271, in execute_breakout_trade
    "sl_placed": sl_result.success,
                 ^^^^^^^^^
NameError: name 'sl_result' is not defined
============================================================
APEX - Autonomous Trade Check
============================================================
📍 Session: US
✅ Credentials geladen: bg_289d1...
✅ BitgetClient initialisiert [LIVE]

🔍 Suche Breakouts...

🎯 BREAKOUT!
   ETH LONG
   Preis: $2,022.7900
   Box:   $2,015.0000 – $2,015.6800
   Distanz: $7.1100

💰 Balance: $70.59 USDT | Risk/Trade: $1.41

🚀 Führe long Trade aus...
✅ Leverage 5x gesetzt für ETH
   🧹 Bereinige verbleibende TP/SL-Orders für ETH...
⚠️  Cancel TP/SL Fehler: 404 Client Error: Not Found for url: https://api.bitget.com/api/v2/mix/order/cancel-all-plan-order
⚠️  TPSL-Order Check Fehler: 404 Client Error: Not Found for url: https://api.bitget.com/api/v2/mix/order/tpsl-pending?productType=USDT-FUTURES&symbol=ETHUSDT
   ✅ SL gesetzt
   ✅ TP gesetzt

💥 ERROR: name 'sl_result' is not defined
✅ Telegram message sent
NO_REPLY
============================================================
APEX - Autonomous Trade Check
============================================================
⏳ Anderer autonomous_trade.py läuft noch – Abbruch.
============================================================
APEX - Autonomous Trade Check
============================================================
📍 Session: US

✅ ⏭️ APEX US: Skip – bereits getradet
✅ Telegram message sent
NO_REPLY
============================================================
APEX - Autonomous Trade Check
============================================================
⏳ Anderer autonomous_trade.py läuft noch – Abbruch.
============================================================
APEX - Autonomous Trade Check
============================================================
📍 Session: US

✅ ⏭️ APEX US: Skip – bereits getradet
✅ Telegram message sent
NO_REPLY
✅ Credentials geladen: bg_289d1...
✅ BitgetClient initialisiert [LIVE]
🇺🇸 APEX Pre-Market: USA (NY Open)

✅ Bitget API verbunden
💰 Balance: $78.42 USDT
📊 Keine offenen Positionen

ETH: $2,098.7400 | SOL: $82.8490 | AVAX: $8.9010

✅ System bereit fuer USA (NY Open)
✅ Telegram message sent
NO_REPLY
✅ Credentials geladen: bg_289d1...
✅ BitgetClient initialisiert [LIVE]
============================================================
APEX - Opening Range Capture
============================================================

📊 ETH:
   High: $2,096.81
   Low:  $2,096.78
   Range: $0.03

📊 SOL:
   High: $82.55
   Low:  $82.53
   Range: $0.02

📊 AVAX:
   High: $8.89
   Low:  $8.89
   Range: $0.00

✅ Boxes saved to /root/apex-trading-bot/data/opening_range_boxes.json
✅ Telegram message sent
NO_REPLY
============================================================
APEX - Autonomous Trade Check
============================================================
📍 Session: US
✅ Credentials geladen: bg_289d1...
✅ BitgetClient initialisiert [LIVE]

🔍 Suche Breakouts...
   🔍 APEX US: Kein Breakout – kein Trade
✅ Telegram message sent
NO_REPLY
============================================================
APEX - Autonomous Trade Check
============================================================
📍 Session: US
✅ Credentials geladen: bg_289d1...
✅ BitgetClient initialisiert [LIVE]

🔍 Suche Breakouts...
   🔍 APEX US: Kein Breakout – kein Trade
✅ Telegram message sent
NO_REPLY
Traceback (most recent call last):
  File "/root/apex-trading-bot/scripts/autonomous_trade.py", line 449, in <module>
    result = main()
             ^^^^^^
  File "/root/apex-trading-bot/scripts/autonomous_trade.py", line 404, in main
    result = execute_breakout_trade(
             ^^^^^^^^^^^^^^^^^^^^^^^
  File "/root/apex-trading-bot/scripts/autonomous_trade.py", line 271, in execute_breakout_trade
    "sl_placed": sl_result.success,
                 ^^^^^^^^^
NameError: name 'sl_result' is not defined
============================================================
APEX - Autonomous Trade Check
============================================================
📍 Session: US
✅ Credentials geladen: bg_289d1...
✅ BitgetClient initialisiert [LIVE]

🔍 Suche Breakouts...

🎯 BREAKOUT!
   ETH LONG
   Preis: $2,104.6100
   Box:   $2,096.7800 – $2,096.8100
   Distanz: $7.8000

💰 Balance: $78.42 USDT | Risk/Trade: $1.57

🚀 Führe long Trade aus...
✅ Leverage 5x gesetzt für ETH
   🧹 Bereinige verbleibende TP/SL-Orders für ETH...
⚠️  Cancel TP/SL Fehler: 404 Client Error: Not Found for url: https://api.bitget.com/api/v2/mix/order/cancel-all-plan-order
⚠️  TPSL-Order Check Fehler: 404 Client Error: Not Found for url: https://api.bitget.com/api/v2/mix/order/tpsl-pending?productType=USDT-FUTURES&symbol=ETHUSDT
   ✅ SL gesetzt
   ✅ TP gesetzt

💥 ERROR: name 'sl_result' is not defined
✅ Telegram message sent
NO_REPLY
============================================================
APEX - Autonomous Trade Check
============================================================
📍 Session: US

✅ ⏭️ APEX US: Skip – bereits getradet
✅ Telegram message sent
NO_REPLY
✅ Credentials geladen: bg_289d1...
✅ BitgetClient initialisiert [LIVE]
🇺🇸 APEX Pre-Market: USA (NY Open)

✅ Bitget API verbunden
💰 Balance: $74.98 USDT
📊 Keine offenen Positionen

ETH: $2,127.8800 | SOL: $83.5960 | AVAX: $9.1240

✅ System bereit fuer USA (NY Open)
✅ Telegram message sent
NO_REPLY
✅ Credentials geladen: bg_289d1...
✅ BitgetClient initialisiert [LIVE]
============================================================
APEX - Opening Range Capture
============================================================

📊 ETH:
   High: $2,140.93
   Low:  $2,126.52
   Range: $14.41

📊 SOL:
   High: $84.26
   Low:  $83.83
   Range: $0.42

📊 AVAX:
   High: $9.17
   Low:  $9.12
   Range: $0.05

✅ Boxes saved to /root/apex-trading-bot/data/opening_range_boxes.json
✅ Telegram message sent
NO_REPLY
============================================================
APEX - Autonomous Trade Check
============================================================
📍 Session: US
✅ Credentials geladen: bg_289d1...
✅ BitgetClient initialisiert [LIVE]

🔍 Suche Breakouts...
   🔍 APEX US: Kein Breakout – kein Trade
✅ Telegram message sent
NO_REPLY
============================================================
APEX - Autonomous Trade Check
============================================================
📍 Session: US
✅ Credentials geladen: bg_289d1...
✅ BitgetClient initialisiert [LIVE]

🔍 Suche Breakouts...
   🔍 APEX US: Kein Breakout – kein Trade
✅ Telegram message sent
NO_REPLY
============================================================
APEX - Autonomous Trade Check
============================================================
📍 Session: US
✅ Credentials geladen: bg_289d1...
✅ BitgetClient initialisiert [LIVE]

🔍 Suche Breakouts...

🎯 BREAKOUT!
   SOL SHORT
   Preis: $82.9630
   Box:   $83.8310 – $84.2560
   Distanz: $0.8680

💰 Balance: $74.98 USDT | Risk/Trade: $1.50

🚀 Führe short Trade aus...
✅ Leverage 5x gesetzt für SOL
   🧹 Bereinige verbleibende TP/SL-Orders für SOL...
⚠️  Cancel TP/SL Fehler: 404 Client Error: Not Found for url: https://api.bitget.com/api/v2/mix/order/cancel-all-plan-order
⚠️  TPSL-Order Check Fehler: 404 Client Error: Not Found for url: https://api.bitget.com/api/v2/mix/order/tpsl-pending?productType=USDT-FUTURES&symbol=SOLUSDT
   ✅ SL gesetzt
   ✅ TP gesetzt

✅ TRADE AUSGEFÜHRT
   Entry:       $82.9260
   Size:        0.9
   Stop-Loss:   $84.5560  (Risk: $1.50)
   Take-Profit: $79.6660  (Reward: $3.00)
   Hebel:       5x
✅ Telegram message sent
NO_REPLY
============================================================
APEX - Autonomous Trade Check
============================================================
📍 Session: US

✅ ⏭️ APEX US: Skip – bereits getradet
✅ Telegram message sent
NO_REPLY
✅ Credentials geladen: bg_289d1...
✅ BitgetClient initialisiert [LIVE]
🇺🇸 APEX Pre-Market: USA (NY Open)

✅ Bitget API verbunden
💰 Balance: $74.21 USDT
📊 Keine offenen Positionen

ETH: $2,057.7300 | SOL: $79.1070 | AVAX: $8.6890

✅ System bereit fuer USA (NY Open)
✅ Telegram message sent
NO_REPLY
✅ Credentials geladen: bg_289d1...
✅ BitgetClient initialisiert [LIVE]
============================================================
APEX - Opening Range Capture
============================================================

📊 ETH:
   High: $2,061.49
   Low:  $2,055.04
   Range: $6.45

📊 SOL:
   High: $79.11
   Low:  $78.84
   Range: $0.27

📊 AVAX:
   High: $8.70
   Low:  $8.67
   Range: $0.03

✅ Boxes saved to /root/apex-trading-bot/data/opening_range_boxes.json
✅ Telegram message sent
NO_REPLY
============================================================
APEX - Autonomous Trade Check
============================================================
📍 Session: US
✅ Credentials geladen: bg_289d1...
✅ BitgetClient initialisiert [LIVE]

🔍 Suche Breakouts...
   🔍 APEX US: Kein Breakout – kein Trade
✅ Telegram message sent
NO_REPLY
============================================================
APEX - Autonomous Trade Check
============================================================
📍 Session: US
✅ Credentials geladen: bg_289d1...
✅ BitgetClient initialisiert [LIVE]

🔍 Suche Breakouts...
   🔍 APEX US: Kein Breakout – kein Trade
✅ Telegram message sent
NO_REPLY
============================================================
APEX - Autonomous Trade Check
============================================================
📍 Session: US
✅ Credentials geladen: bg_289d1...
✅ BitgetClient initialisiert [LIVE]

🔍 Suche Breakouts...
   🔍 APEX US: Kein Breakout – kein Trade
✅ Telegram message sent
NO_REPLY
============================================================
APEX - Autonomous Trade Check
============================================================
📍 Session: US
✅ Credentials geladen: bg_289d1...
✅ BitgetClient initialisiert [LIVE]

🔍 Suche Breakouts...

🎯 BREAKOUT!
   ETH LONG
   Preis: $2,070.5300
   Box:   $2,055.0400 – $2,061.4900
   Distanz: $9.0400

💰 Balance: $74.21 USDT | Risk/Trade: $1.48

🚀 Führe long Trade aus...
✅ Leverage 5x gesetzt für ETH
   🧹 Bereinige verbleibende TP/SL-Orders für ETH...
   ✅ SL gesetzt
   ✅ TP gesetzt

✅ TRADE AUSGEFÜHRT
   Entry:       $2,070.6400
   Size:        0.07
   Stop-Loss:   $2,050.0400  (Risk: $1.48)
   Take-Profit: $2,111.8400  (Reward: $2.97)
   Hebel:       5x
✅ Telegram message sent
NO_REPLY
✅ Credentials geladen: bg_289d1...
✅ BitgetClient initialisiert [LIVE]
🇺🇸 APEX Pre-Market: USA (NY Open)

✅ Bitget API verbunden
💰 Balance: $70.82 USDT
📊 Keine offenen Positionen

ETH: $2,048.2600 | SOL: $80.1000 | AVAX: $8.9890

✅ System bereit fuer USA (NY Open)
✅ Telegram message sent
NO_REPLY
✅ Credentials geladen: bg_289d1...
✅ BitgetClient initialisiert [LIVE]
============================================================
APEX - Opening Range Capture
============================================================

📊 ETH:
   High: $2,049.59
   Low:  $2,046.50
   Range: $3.09

📊 SOL:
   High: $80.16
   Low:  $79.91
   Range: $0.25

📊 AVAX:
   High: $8.96
   Low:  $8.93
   Range: $0.02

✅ Boxes saved to /root/apex-trading-bot/data/opening_range_boxes.json
✅ Telegram message sent
NO_REPLY
============================================================
APEX - Autonomous Trade Check
============================================================
📍 Session: US
✅ Credentials geladen: bg_289d1...
✅ BitgetClient initialisiert [LIVE]

🔍 Suche Breakouts...
   🔍 APEX US: Kein Breakout – kein Trade
✅ Telegram message sent
NO_REPLY
============================================================
APEX - Autonomous Trade Check
============================================================
📍 Session: US
✅ Credentials geladen: bg_289d1...
✅ BitgetClient initialisiert [LIVE]

🔍 Suche Breakouts...
   🔍 APEX US: Kein Breakout – kein Trade
✅ Telegram message sent
NO_REPLY
============================================================
APEX - Autonomous Trade Check
============================================================
📍 Session: US
✅ Credentials geladen: bg_289d1...
✅ BitgetClient initialisiert [LIVE]

🔍 Suche Breakouts...
   🔍 APEX US: Kein Breakout – kein Trade
✅ Telegram message sent
NO_REPLY
============================================================
APEX - Autonomous Trade Check
============================================================
📍 Session: US
✅ Credentials geladen: bg_289d1...
✅ BitgetClient initialisiert [LIVE]

🔍 Suche Breakouts...
   🔍 APEX US: Kein Breakout – kein Trade
✅ Telegram message sent
NO_REPLY
✅ Credentials geladen: bg_289d1...
✅ BitgetClient initialisiert [LIVE]
🇺🇸 APEX Pre-Market: USA (NY Open)

✅ Bitget API verbunden
💰 Balance: $70.82 USDT
📊 Keine offenen Positionen

ETH: $2,143.7200 | SOL: $81.8310 | AVAX: $9.3390 | XRP: $1.3404

✅ System bereit fuer USA (NY Open)
✅ Telegram message sent
NO_REPLY
✅ Credentials geladen: bg_289d1...
✅ BitgetClient initialisiert [LIVE]
============================================================
APEX - Opening Range Capture
============================================================

📊 ETH:
   High: $2,143.85
   Low:  $2,138.07
   Range: $5.78

📊 SOL:
   High: $81.74
   Low:  $81.58
   Range: $0.16
⚠️  AVAX: Box Range $0.0120 < Min $0.0400 – übersprungen
⚠️  XRP: Box Range $0.0022 < Min $0.0030 – übersprungen

✅ Boxes saved to /root/apex-trading-bot/data/opening_range_boxes.json
✅ Telegram message sent
NO_REPLY
============================================================
APEX - Autonomous Trade Check
============================================================
📍 Session: US
✅ Credentials geladen: bg_289d1...
✅ BitgetClient initialisiert [LIVE]

🔍 Suche Breakouts...
   🔍 APEX US: Kein Breakout – kein Trade
✅ Telegram message sent
NO_REPLY
============================================================
APEX - Autonomous Trade Check
============================================================
📍 Session: US
✅ Credentials geladen: bg_289d1...
✅ BitgetClient initialisiert [LIVE]

🔍 Suche Breakouts...
   🔍 APEX US: Kein Breakout – kein Trade
✅ Telegram message sent
NO_REPLY
============================================================
APEX - Autonomous Trade Check
============================================================
📍 Session: US
✅ Credentials geladen: bg_289d1...
✅ BitgetClient initialisiert [LIVE]

🔍 Suche Breakouts...
   🔍 APEX US: Kein Breakout – kein Trade
✅ Telegram message sent
NO_REPLY
============================================================
APEX - Autonomous Trade Check
============================================================
📍 Session: US
✅ Credentials geladen: bg_289d1...
✅ BitgetClient initialisiert [LIVE]

🔍 Suche Breakouts...

🎯 BREAKOUT!
   ETH LONG
   Preis: $2,149.1200
   Box:   $2,138.0700 – $2,143.8500
   Distanz: $5.2700

💰 Balance: $70.82 USDT | Risk/Trade: $1.42

🚀 Führe long Trade aus...
✅ Leverage 5x gesetzt für ETH
   🧹 Bereinige verbleibende TP/SL-Orders für ETH...
   ✅ SL aktiv (Preset)
   ✅ TP1 1:1 @ $2,162.2791 (Size 0.06) gesetzt
   ✅ TP2 3:1 @ $2,188.6374 (Size 0.05) gesetzt

✅ TRADE AUSGEFÜHRT
   Entry:       $2,149.1000
   Size:        0.11
   Stop-Loss:   $2,135.9209  (Risk: $1.42)
   TP1 (1:1):   $2,162.2791  (Size 0.06)
   TP2 (3:1):   $2,188.6374  (Size 0.05)
   Hebel:       5x
✅ Telegram message sent
NO_REPLY
[2026-04-07 21:00:01] ✅ Credentials geladen: bg_289d1...
[2026-04-07 21:00:01] ✅ BitgetClient initialisiert [LIVE]
[2026-04-07 21:00:04] 🇺🇸 APEX Pre-Market: USA (NY Open)

✅ Bitget API verbunden
💰 Balance: $69.09 USDT
📊 Keine offenen Positionen

ETH: $2,085.2100 | SOL: $79.8560 | AVAX: $8.6340 | XRP: $1.3009

✅ System bereit fuer USA (NY Open)
[2026-04-07 21:00:04] ✅ Telegram message sent
[2026-04-07 21:00:04] NO_REPLY
[2026-04-07 21:15:01] ✅ Credentials geladen: bg_289d1...
[2026-04-07 21:15:01] ✅ BitgetClient initialisiert [LIVE]
[2026-04-07 21:15:01] ============================================================
[2026-04-07 21:15:01] APEX - Opening Range Capture
[2026-04-07 21:15:01] ============================================================
[2026-04-07 21:15:01] 
📊 ETH:
[2026-04-07 21:15:01]    High: $2,090.46
[2026-04-07 21:15:01]    Low:  $2,081.23
[2026-04-07 21:15:01]    Range: $9.23
[2026-04-07 21:15:03] 
📊 SOL:
[2026-04-07 21:15:03]    High: $80.47
[2026-04-07 21:15:03]    Low:  $79.84
[2026-04-07 21:15:03]    Range: $0.64
[2026-04-07 21:15:04] ⚠️  AVAX: Box Range $0.0330 < Min $0.0400 – übersprungen
[2026-04-07 21:15:04] 
📊 XRP:
[2026-04-07 21:15:04]    High: $1.31
[2026-04-07 21:15:04]    Low:  $1.30
[2026-04-07 21:15:04]    Range: $0.00
[2026-04-07 21:15:05] 
✅ Boxes saved to /root/apex-trading-bot/data/opening_range_boxes.json
[2026-04-07 21:15:05] ✅ Telegram message sent
[2026-04-07 21:15:05] NO_REPLY
Traceback (most recent call last):
  File "/root/apex-trading-bot/scripts/autonomous_trade.py", line 587, in <module>
    result = main()
             ^^^^^^
  File "/root/apex-trading-bot/scripts/autonomous_trade.py", line 512, in main
    print(f"   Distanz: ${breakout['breakout_size']:,.4f}")
                          ~~~~~~~~^^^^^^^^^^^^^^^^^
KeyError: 'breakout_size'
[2026-04-07 21:30:01] ============================================================
[2026-04-07 21:30:01] APEX - Autonomous Trade Check
[2026-04-07 21:30:01] ============================================================
[2026-04-07 21:30:01] 📍 Session: US
[2026-04-07 21:30:01] ✅ Credentials geladen: bg_289d1...
[2026-04-07 21:30:01] ✅ BitgetClient initialisiert [LIVE]
[2026-04-07 21:30:01] 
🔍 Suche Breakouts...
[2026-04-07 21:30:02] 
🎯 BREAKOUT!
[2026-04-07 21:30:02]    ETH LONG
[2026-04-07 21:30:02]    Preis: $2,095.6900
[2026-04-07 21:30:02]    Box:   $2,081.2300 – $2,090.4600
[2026-04-07 21:30:02] 
💥 ERROR: 'breakout_size'
[2026-04-07 21:30:02] ✅ Telegram message sent
[2026-04-07 21:30:02] NO_REPLY
[2026-04-07 21:45:02] ============================================================
[2026-04-07 21:45:02] APEX - Autonomous Trade Check
[2026-04-07 21:45:02] ============================================================
[2026-04-07 21:45:02] 📍 Session: US
[2026-04-07 21:45:02] ✅ Credentials geladen: bg_289d1...
[2026-04-07 21:45:02] ✅ BitgetClient initialisiert [LIVE]
[2026-04-07 21:45:02] 
🔍 Suche Breakouts...
[2026-04-07 21:45:03] 
🎯 BREAKOUT!
[2026-04-07 21:45:03]    SOL LONG
[2026-04-07 21:45:03]    Preis: $81.0140
[2026-04-07 21:45:03]    Box:   $79.8390 – $80.4750
[2026-04-07 21:45:03]    Distanz: $0.5390
[2026-04-07 21:45:03] 
💰 Balance: $69.09 USDT | Risk/Trade: $1.38
[2026-04-07 21:45:03] 
🚀 Führe long Trade aus...
[2026-04-07 21:45:04] ✅ Leverage 5x gesetzt für SOL
[2026-04-07 21:45:04]    🧹 Bereinige verbleibende TP/SL-Orders für SOL...
[2026-04-07 21:45:04] ⚠️  Cancel TP/SL Fehler: 400 Client Error: Bad Request for url: https://api.bitget.com/api/v2/mix/order/orders-plan-pending?productType=USDT-FUTURES&symbol=SOLUSDT | Body: {"code":"400172","msg":"Parameter verification failed","requestTime":1775591104617,"data":null}
[2026-04-07 21:45:08] ⚠️  Cancel TP/SL Fehler: 400 Client Error: Bad Request for url: https://api.bitget.com/api/v2/mix/order/orders-plan-pending?productType=USDT-FUTURES&symbol=SOLUSDT | Body: {"code":"400172","msg":"Parameter verification failed","requestTime":1775591107926,"data":null}
[2026-04-07 21:45:08] 
⚠️ APEX: TP/SL Cancel für SOL fehlgeschlagen – Trade abgebrochen
[2026-04-07 21:45:08] ✅ Telegram message sent
[2026-04-07 21:45:08] 
❌ TRADE FEHLGESCHLAGEN: Orphan-Order Cancel fehlgeschlagen
[2026-04-07 21:45:08] ✅ Telegram message sent
[2026-04-07 21:45:08] NO_REPLY
[2026-04-07 22:00:01] ============================================================
[2026-04-07 22:00:01] APEX - Autonomous Trade Check
[2026-04-07 22:00:01] ============================================================
[2026-04-07 22:00:01] 📍 Session: US
[2026-04-07 22:00:01] ✅ Credentials geladen: bg_289d1...
[2026-04-07 22:00:01] ✅ BitgetClient initialisiert [LIVE]
[2026-04-07 22:00:01] 
🔍 Suche Breakouts...
[2026-04-07 22:00:02] 
🎯 BREAKOUT!
[2026-04-07 22:00:02]    ETH LONG
[2026-04-07 22:00:02]    Preis: $2,113.1100
[2026-04-07 22:00:02]    Box:   $2,081.2300 – $2,090.4600
[2026-04-07 22:00:02]    Distanz: $22.6500
[2026-04-07 22:00:03] 
💰 Balance: $69.09 USDT | Risk/Trade: $1.38
[2026-04-07 22:00:03] 
🚀 Führe long Trade aus...
[2026-04-07 22:00:04] ✅ Leverage 5x gesetzt für ETH
[2026-04-07 22:00:04]    🧹 Bereinige verbleibende TP/SL-Orders für ETH...
[2026-04-07 22:00:04]    ℹ️  Plan-Order Abfrage fehlgeschlagen (400 Client Error: Bad Request for url: https://api.bitget.com/api/v2/mix/order/orders-plan-pending?productType=USDT-FUTURES&symbol=ETHUSDT | Body: {"code":"400172","msg":"Parameter verification failed","requestTime":1775592004479,"data":null}) – keine Orphans angenommen
[2026-04-07 22:00:11] ⚠️  TPSL-Order Check Fehler: 400 Client Error: Bad Request for url: https://api.bitget.com/api/v2/mix/order/orders-plan-pending?productType=USDT-FUTURES&symbol=ETHUSDT | Body: {"code":"400172","msg":"Parameter verification failed","requestTime":1775592011078,"data":null}
[2026-04-07 22:00:11]    ✅ SL gesetzt
[2026-04-07 22:00:11]    ✅ TP1 1:1 @ $2,192.7031 (Size 0.02) gesetzt
[2026-04-07 22:00:14]    ❌ TP2 Trailing @ Aktivierung $2,249.4962 | Trail 1.33% (Size 0.02) FEHLER: 400 Client Error: Bad Request for url: https://api.bitget.com/api/v2/mix/order/place-tpsl-order | Body: {"code":"40812","msg":"The condition rangeRate is not met","requestTime":1775592014424,"data":null}
[2026-04-07 22:00:14] 
⚠️  TP unvollständig (TP1=True, TP2=False) – SL aktiv, Position läuft
[2026-04-07 22:00:14] ✅ Telegram message sent
[2026-04-07 22:00:14] 
✅ TRADE AUSGEFÜHRT
[2026-04-07 22:00:14]    Entry:       $2,135.9100
[2026-04-07 22:00:14]    Size:        0.04
[2026-04-07 22:00:14]    Stop-Loss:   $2,079.1169  (Risk: $1.38)
[2026-04-07 22:00:14]    TP1 (1:1):   $2,192.7031  (Size 0.02)
[2026-04-07 22:00:14]    TP2 Trailing: Aktivierung @ $2,249.4962 | Trail 1.33% (Size 0.02)
[2026-04-07 22:00:14]    Hebel:       5x
[2026-04-07 22:00:14] ✅ Telegram message sent
[2026-04-07 22:00:14] NO_REPLY
[2026-04-07 22:15:01] ============================================================
[2026-04-07 22:15:01] APEX - Autonomous Trade Check
[2026-04-07 22:15:01] ============================================================
[2026-04-07 22:15:01] 📍 Session: US
[2026-04-07 22:15:01] 
✅ ⏭️ APEX US: Skip – bereits getradet
[2026-04-07 22:15:01] ✅ Telegram message sent
[2026-04-07 22:15:01] NO_REPLY
[2026-04-07 22:45:01] ============================================================
[2026-04-07 22:45:01] APEX - Autonomous Trade Check
[2026-04-07 22:45:01] ============================================================
[2026-04-07 22:45:01] 📍 Session: US
[2026-04-07 22:45:01] 
✅ ⏭️ APEX US: Skip – bereits getradet
[2026-04-07 22:45:02] ✅ Telegram message sent
[2026-04-07 22:45:02] NO_REPLY
[2026-04-07 22:55:01] ✅ Credentials geladen: bg_289d1...
[2026-04-07 22:55:01] ✅ BitgetClient initialisiert [LIVE]
[2026-04-07 22:55:02] 🇺🇸 *USA Session Abschluss*

*Trade:* ✅ 🟢 *ETH LONG* @ $2,135.9100
  SL: $2,079.1169 | TP1: $2,192.7031

*Account Equity:* $68.90 USDT
*P&L vs Start:* 📈 +$0.57 (+0.84%)
_(Startkapital: $68.33 USDT)_
[2026-04-07 22:55:02] ✅ Telegram message sent
[2026-04-07 22:55:02] NO_REPLY
[2026-04-08 21:00:02] ✅ Credentials geladen: bg_289d1...
[2026-04-08 21:00:02] ✅ BitgetClient initialisiert [LIVE]
[2026-04-08 21:00:04] 🇺🇸 APEX Pre-Market: USA (NY Open)

✅ Bitget API verbunden
💰 Balance: $71.76 USDT
📊 Keine offenen Positionen

ETH: $2,199.9800 | SOL: $82.8480 | AVAX: $9.1350 | XRP: $1.3468

✅ System bereit fuer USA (NY Open)
[2026-04-08 21:00:04] ✅ Telegram message sent
[2026-04-08 21:00:04] NO_REPLY
[2026-04-08 21:15:01] ✅ Credentials geladen: bg_289d1...
[2026-04-08 21:15:01] ✅ BitgetClient initialisiert [LIVE]
[2026-04-08 21:15:01] ============================================================
[2026-04-08 21:15:01] APEX - Opening Range Capture
[2026-04-08 21:15:01] ============================================================
[2026-04-08 21:15:01] 
📊 ETH:
[2026-04-08 21:15:01]    High: $2,209.94
[2026-04-08 21:15:01]    Low:  $2,197.95
[2026-04-08 21:15:01]    Range: $11.99
[2026-04-08 21:15:03] 
📊 SOL:
[2026-04-08 21:15:03]    High: $83.10
[2026-04-08 21:15:03]    Low:  $82.75
[2026-04-08 21:15:03]    Range: $0.34
[2026-04-08 21:15:04] 
📊 AVAX:
[2026-04-08 21:15:04]    High: $9.15
[2026-04-08 21:15:04]    Low:  $9.11
[2026-04-08 21:15:04]    Range: $0.04
[2026-04-08 21:15:05] 
📊 XRP:
[2026-04-08 21:15:05]    High: $1.35
[2026-04-08 21:15:05]    Low:  $1.35
[2026-04-08 21:15:05]    Range: $0.00
[2026-04-08 21:15:06] 
✅ Boxes saved to /root/apex-trading-bot/data/opening_range_boxes.json
[2026-04-08 21:15:06] ✅ Telegram message sent
[2026-04-08 21:15:06] NO_REPLY
[2026-04-08 21:30:01] ============================================================
[2026-04-08 21:30:01] APEX - Autonomous Trade Check
[2026-04-08 21:30:01] ============================================================
[2026-04-08 21:30:01] 📍 Session: US
[2026-04-08 21:30:01] ✅ Credentials geladen: bg_289d1...
[2026-04-08 21:30:01] ✅ BitgetClient initialisiert [LIVE]
[2026-04-08 21:30:01] 
🔍 Suche Breakouts...
[2026-04-08 21:30:03]    🔍 APEX US: Kein Breakout – kein Trade
[2026-04-08 21:30:03] ✅ Telegram message sent
[2026-04-08 21:30:03] NO_REPLY
[2026-04-08 21:45:02] ============================================================
[2026-04-08 21:45:02] APEX - Autonomous Trade Check
[2026-04-08 21:45:02] ============================================================
[2026-04-08 21:45:02] 📍 Session: US
[2026-04-08 21:45:02] ✅ Credentials geladen: bg_289d1...
[2026-04-08 21:45:02] ✅ BitgetClient initialisiert [LIVE]
[2026-04-08 21:45:02] 
🔍 Suche Breakouts...
[2026-04-08 21:45:03]    🔍 APEX US: Kein Breakout – kein Trade
[2026-04-08 21:45:03] ✅ Telegram message sent
[2026-04-08 21:45:03] NO_REPLY
[2026-04-08 22:00:02] ============================================================
[2026-04-08 22:00:02] APEX - Autonomous Trade Check
[2026-04-08 22:00:02] ============================================================
[2026-04-08 22:00:02] 📍 Session: US
[2026-04-08 22:00:02] ✅ Credentials geladen: bg_289d1...
[2026-04-08 22:00:02] ✅ BitgetClient initialisiert [LIVE]
[2026-04-08 22:00:02] 
🔍 Suche Breakouts...
[2026-04-08 22:00:03] 
🎯 BREAKOUT!
[2026-04-08 22:00:03]    SOL LONG
[2026-04-08 22:00:03]    Preis: $83.2100
[2026-04-08 22:00:03]    Box:   $82.7550 – $83.0990
[2026-04-08 22:00:03]    Distanz: $0.1110
[2026-04-08 22:00:04] 
💰 Balance: $71.76 USDT | Risk/Trade: $1.44
[2026-04-08 22:00:04] 
🚀 Führe long Trade aus...
[2026-04-08 22:00:04] ✅ Leverage 5x gesetzt für SOL
[2026-04-08 22:00:04]    🧹 Bereinige verbleibende TP/SL-Orders für SOL...
[2026-04-08 22:00:05]    ℹ️  Plan-Order Abfrage fehlgeschlagen (400 Client Error: Bad Request for url: https://api.bitget.com/api/v2/mix/order/orders-plan-pending?productType=USDT-FUTURES&symbol=SOLUSDT | Body: {"code":"400172","msg":"Parameter verification failed","requestTime":1775678404913,"data":null}) – keine Orphans angenommen
[2026-04-08 22:00:12]    ✅ SL gesetzt
[2026-04-08 22:00:12]    ✅ TP1 1:1 @ $83.7042 (Size 1.4) gesetzt
[2026-04-08 22:00:13]    ✅ TP2 Trailing @ Aktivierung $84.2204 | Trail 0.31% (Size 1.3) gesetzt
[2026-04-08 22:00:13] 
✅ TRADE AUSGEFÜHRT
[2026-04-08 22:00:13]    Entry:       $83.1880
[2026-04-08 22:00:13]    Size:        2.7
[2026-04-08 22:00:13]    Stop-Loss:   $82.6718  (Risk: $1.44)
[2026-04-08 22:00:13]    TP1 (1:1):   $83.7042  (Size 1.4)
[2026-04-08 22:00:13]    TP2 Trailing: Aktivierung @ $84.2204 | Trail 0.31% (Size 1.3)
[2026-04-08 22:00:13]    Hebel:       5x
[2026-04-08 22:00:13] ✅ Telegram message sent
[2026-04-08 22:00:13] NO_REPLY
[2026-04-08 22:15:02] ============================================================
[2026-04-08 22:15:02] APEX - Autonomous Trade Check
[2026-04-08 22:15:02] ============================================================
[2026-04-08 22:15:02] 📍 Session: US
[2026-04-08 22:15:02] 
✅ ⏭️ APEX US: Skip – bereits getradet
[2026-04-08 22:15:02] ✅ Telegram message sent
[2026-04-08 22:15:02] NO_REPLY
[2026-04-08 22:45:01] ============================================================
[2026-04-08 22:45:01] APEX - Autonomous Trade Check
[2026-04-08 22:45:01] ============================================================
[2026-04-08 22:45:01] 📍 Session: US
[2026-04-08 22:45:01] 
✅ ⏭️ APEX US: Skip – bereits getradet
[2026-04-08 22:45:01] ✅ Telegram message sent
[2026-04-08 22:45:01] NO_REPLY
[2026-04-08 22:55:01] ✅ Credentials geladen: bg_289d1...
[2026-04-08 22:55:01] ✅ BitgetClient initialisiert [LIVE]
[2026-04-08 22:55:01] 🇺🇸 *USA Session Abschluss*

*Trade:* ✅ 🟢 *SOL LONG* @ $83.1880
  SL: $82.6718 | TP1: $83.7042

*Account Equity:* $71.79 USDT
*P&L vs Start:* 📈 +$3.46 (+5.06%)
_(Startkapital: $68.33 USDT)_
[2026-04-08 22:55:01] ✅ Telegram message sent
[2026-04-08 22:55:01] NO_REPLY
[2026-04-09 21:00:01] ✅ Credentials geladen: bg_289d1...
[2026-04-09 21:00:01] ✅ BitgetClient initialisiert [LIVE]
[2026-04-09 21:00:03] 🇺🇸 APEX Pre-Market: USA (NY Open)

✅ Bitget API verbunden
💰 Balance: $70.98 USDT
📊 Keine offenen Positionen

ETH: $2,206.0600 | SOL: $83.7860 | AVAX: $9.2740 | XRP: $1.3543

✅ System bereit fuer USA (NY Open)
[2026-04-09 21:00:03] ✅ Telegram message sent
[2026-04-09 21:00:03] NO_REPLY
[2026-04-09 21:15:02] ✅ Credentials geladen: bg_289d1...
[2026-04-09 21:15:02] ✅ BitgetClient initialisiert [LIVE]
[2026-04-09 21:15:02] ============================================================
[2026-04-09 21:15:02] APEX - Opening Range Capture
[2026-04-09 21:15:02] ============================================================
[2026-04-09 21:15:02] 
📊 ETH:
[2026-04-09 21:15:02]    High: $2,207.39
[2026-04-09 21:15:02]    Low:  $2,199.34
[2026-04-09 21:15:02]    Range: $8.05
[2026-04-09 21:15:03] 
📊 SOL:
[2026-04-09 21:15:03]    High: $84.18
[2026-04-09 21:15:03]    Low:  $83.64
[2026-04-09 21:15:03]    Range: $0.54
[2026-04-09 21:15:05] 
📊 AVAX:
[2026-04-09 21:15:05]    High: $9.31
[2026-04-09 21:15:05]    Low:  $9.26
[2026-04-09 21:15:05]    Range: $0.05
[2026-04-09 21:15:06] 
📊 XRP:
[2026-04-09 21:15:06]    High: $1.36
[2026-04-09 21:15:06]    Low:  $1.35
[2026-04-09 21:15:06]    Range: $0.01
[2026-04-09 21:15:07] 
✅ Boxes saved to /root/apex-trading-bot/data/opening_range_boxes.json
[2026-04-09 21:15:07] ✅ Telegram message sent
[2026-04-09 21:15:07] NO_REPLY
[2026-04-09 21:30:01] ============================================================
[2026-04-09 21:30:01] APEX - Autonomous Trade Check
[2026-04-09 21:30:01] ============================================================
[2026-04-09 21:30:01] 📍 Session: US
[2026-04-09 21:30:01] ✅ Credentials geladen: bg_289d1...
[2026-04-09 21:30:01] ✅ BitgetClient initialisiert [LIVE]
[2026-04-09 21:30:01] 
🔍 Suche Breakouts...
[2026-04-09 21:30:03] 
🎯 BREAKOUT!
[2026-04-09 21:30:03]    XRP SHORT
[2026-04-09 21:30:03]    Preis: $1.3518
[2026-04-09 21:30:03]    Box:   $1.3533 – $1.3600
[2026-04-09 21:30:03]    Distanz: $0.0015
[2026-04-09 21:30:04] 
💰 Balance: $70.98 USDT | Risk/Trade: $1.42
[2026-04-09 21:30:04] 
🚀 Führe short Trade aus...
[2026-04-09 21:30:05] ✅ Leverage 5x gesetzt für XRP
[2026-04-09 21:30:05]    🧹 Bereinige verbleibende TP/SL-Orders für XRP...
[2026-04-09 21:30:05]    ℹ️  Plan-Order Abfrage fehlgeschlagen (400 Client Error: Bad Request for url: https://api.bitget.com/api/v2/mix/order/orders-plan-pending?productType=USDT-FUTURES&symbol=XRPUSDT&pageSize=20 | Body: {"code":"400172","msg":"Parameter verification failed","requestTime":1775763005235,"data":null}) – keine Orphans angenommen
[2026-04-09 21:30:12]    ✅ SL gesetzt
[2026-04-09 21:30:13]    ✅ TP1 1:1 @ $1.3428 (Size 74.0) gesetzt
[2026-04-09 21:30:13]    ✅ TP2 3:1 @ $1.3243 (Size 75.0) gesetzt
[2026-04-09 21:30:13] 
✅ TRADE AUSGEFÜHRT
[2026-04-09 21:30:13]    Entry:       $1.3521
[2026-04-09 21:30:13]    Size:        149.0
[2026-04-09 21:30:13]    Stop-Loss:   $1.3614  (Risk: $1.42)
[2026-04-09 21:30:13]    TP1 (1:1):   $1.3428  (Size 74.0)
[2026-04-09 21:30:13]    TP2 (3:1):   $1.3243  (Size 75.0)
[2026-04-09 21:30:13]    Hebel:       5x
[2026-04-09 21:30:13] ✅ Telegram message sent
[2026-04-09 21:30:13] NO_REPLY
[2026-04-09 21:45:01] ============================================================
[2026-04-09 21:45:01] APEX - Autonomous Trade Check
[2026-04-09 21:45:01] ============================================================
[2026-04-09 21:45:01] 📍 Session: US
[2026-04-09 21:45:01] 
✅ ⏭️ APEX US: Skip – bereits getradet
[2026-04-09 21:45:01] ✅ Telegram message sent
[2026-04-09 21:45:01] NO_REPLY
[2026-04-09 22:00:02] ============================================================
[2026-04-09 22:00:02] APEX - Autonomous Trade Check
[2026-04-09 22:00:02] ============================================================
[2026-04-09 22:00:02] 📍 Session: US
[2026-04-09 22:00:02] 
✅ ⏭️ APEX US: Skip – bereits getradet
[2026-04-09 22:00:02] ✅ Telegram message sent
[2026-04-09 22:00:02] NO_REPLY
[2026-04-09 22:15:01] ============================================================
[2026-04-09 22:15:01] APEX - Autonomous Trade Check
[2026-04-09 22:15:01] ============================================================
[2026-04-09 22:15:01] 📍 Session: US
[2026-04-09 22:15:01] 
✅ ⏭️ APEX US: Skip – bereits getradet
[2026-04-09 22:15:02] ✅ Telegram message sent
[2026-04-09 22:15:02] NO_REPLY
[2026-04-09 22:45:01] ============================================================
[2026-04-09 22:45:01] APEX - Autonomous Trade Check
[2026-04-09 22:45:01] ============================================================
[2026-04-09 22:45:01] 📍 Session: US
[2026-04-09 22:45:01] 
✅ ⏭️ APEX US: Skip – bereits getradet
[2026-04-09 22:45:01] ✅ Telegram message sent
[2026-04-09 22:45:01] NO_REPLY
[2026-04-09 22:55:02] ✅ Credentials geladen: bg_289d1...
[2026-04-09 22:55:02] ✅ BitgetClient initialisiert [LIVE]
[2026-04-09 22:55:02] 🇺🇸 *USA Session Abschluss*

*Trade:* ✅ 🔴 *XRP SHORT* @ $1.3521
  SL: $1.3614 | TP1: $1.3428

*Account Equity:* $70.16 USDT
*P&L vs Start:* 📈 +$1.83 (+2.68%)
_(Startkapital: $68.33 USDT)_
[2026-04-09 22:55:02] ✅ Telegram message sent
[2026-04-09 22:55:02] NO_REPLY
[2026-04-10 21:00:01] ✅ Credentials geladen: bg_289d1...
[2026-04-10 21:00:01] ✅ BitgetClient initialisiert [LIVE]
[2026-04-10 21:00:03] 🇺🇸 APEX Pre-Market: USA (NY Open)

✅ Bitget API verbunden
💰 Balance: $65.94 USDT
📊 Keine offenen Positionen

ETH: $2,247.8400 | SOL: $85.1690 | AVAX: $9.5090 | XRP: $1.3591

✅ System bereit fuer USA (NY Open)
[2026-04-10 21:00:03] ✅ Telegram message sent
[2026-04-10 21:00:03] NO_REPLY
[2026-04-10 21:15:02] ✅ Credentials geladen: bg_289d1...
[2026-04-10 21:15:02] ✅ BitgetClient initialisiert [LIVE]
[2026-04-10 21:15:02] ============================================================
[2026-04-10 21:15:02] APEX - Opening Range Capture
[2026-04-10 21:15:02] ============================================================
[2026-04-10 21:15:02] 
📊 ETH:
[2026-04-10 21:15:02]    High: $2,254.55
[2026-04-10 21:15:02]    Low:  $2,247.08
[2026-04-10 21:15:02]    Range: $7.47
[2026-04-10 21:15:03] ⚠️  Bitget 429 – Rate Limit. Warte 5s (Versuch 1/3)...
[2026-04-10 21:15:09] 
📊 SOL:
[2026-04-10 21:15:09]    High: $85.440
[2026-04-10 21:15:09]    Low:  $85.104
[2026-04-10 21:15:09]    Range: $0.336
[2026-04-10 21:15:10] 
📊 AVAX:
[2026-04-10 21:15:10]    High: $9.546
[2026-04-10 21:15:10]    Low:  $9.499
[2026-04-10 21:15:10]    Range: $0.047
[2026-04-10 21:15:11] 
📊 XRP:
[2026-04-10 21:15:11]    High: $1.3623
[2026-04-10 21:15:11]    Low:  $1.3589
[2026-04-10 21:15:11]    Range: $0.0034
[2026-04-10 21:15:12] 
✅ Boxes saved to /root/apex-trading-bot/data/opening_range_boxes.json
[2026-04-10 21:15:12] ✅ Telegram message sent
[2026-04-10 21:15:12] NO_REPLY
[2026-04-10 21:30:01] ============================================================
[2026-04-10 21:30:01] APEX - Autonomous Trade Check
[2026-04-10 21:30:01] ============================================================
[2026-04-10 21:30:01] 📍 Session: US
[2026-04-10 21:30:01] ✅ Credentials geladen: bg_289d1...
[2026-04-10 21:30:01] ✅ BitgetClient initialisiert [LIVE]
[2026-04-10 21:30:01] 
🔍 Suche Breakouts...
[2026-04-10 21:30:02]    🔍 APEX US: Kein Breakout – kein Trade
[2026-04-10 21:30:02] ✅ Telegram message sent
[2026-04-10 21:30:02] NO_REPLY
[2026-04-10 21:45:01] ============================================================
[2026-04-10 21:45:01] APEX - Autonomous Trade Check
[2026-04-10 21:45:01] ============================================================
[2026-04-10 21:45:01] 📍 Session: US
[2026-04-10 21:45:01] ✅ Credentials geladen: bg_289d1...
[2026-04-10 21:45:01] ✅ BitgetClient initialisiert [LIVE]
[2026-04-10 21:45:01] 
🔍 Suche Breakouts...
[2026-04-10 21:45:02]    📐 Trend-Kontext: EMA200=2203.0793 | ATR14=8.2257 | 15m=above | 4H=above | Box/ATR=0.908
[2026-04-10 21:45:02] 
🎯 BREAKOUT!
[2026-04-10 21:45:02]    ETH SHORT
[2026-04-10 21:45:02]    Preis: $2,243.4700
[2026-04-10 21:45:02]    Box:   $2,247.0800 – $2,254.5500
[2026-04-10 21:45:02]    Distanz: $3.6100
[2026-04-10 21:45:03] 
💰 Balance: $65.94 USDT | Risk/Trade: $1.32
[2026-04-10 21:45:03] 
🚀 Führe short Trade aus...
[2026-04-10 21:45:03] ✅ Leverage 5x gesetzt für ETH
[2026-04-10 21:45:03]    🧹 Bereinige verbleibende TP/SL-Orders für ETH...
[2026-04-10 21:45:07]    📊 Market-Structure: OI=734299 | Long%=63.45% | Taker=0.570 | Funding=-0.0154%
[2026-04-10 21:45:12]    ✅ SL aktiv (Preset)
[2026-04-10 21:45:12]    ✅ TP1 1:1 @ $2,229.9065 (Size 0.05) gesetzt
[2026-04-10 21:45:13]    ✅ TP2 3:1 @ $2,203.0196 (Size 0.05) gesetzt
[2026-04-10 21:45:13] 
✅ TRADE AUSGEFÜHRT
[2026-04-10 21:45:13]    Entry:       $2,243.3500
[2026-04-10 21:45:13]    Size:        0.1
[2026-04-10 21:45:13]    Stop-Loss:   $2,256.7935  (Risk: $1.32)
[2026-04-10 21:45:13]    TP1 (1:1):   $2,229.9065  (Size 0.05)
[2026-04-10 21:45:13]    TP2 (3:1):   $2,203.0196  (Size 0.05)
[2026-04-10 21:45:13]    Hebel:       5x
[2026-04-10 21:45:13] ✅ Telegram message sent
[2026-04-10 21:45:13] NO_REPLY
[2026-04-10 22:00:01] ============================================================
[2026-04-10 22:00:01] APEX - Autonomous Trade Check
[2026-04-10 22:00:01] ============================================================
[2026-04-10 22:00:01] 📍 Session: US
[2026-04-10 22:00:01] 
✅ ⏭️ APEX US: Skip – bereits getradet
[2026-04-10 22:00:01] ✅ Telegram message sent
[2026-04-10 22:00:01] NO_REPLY
[2026-04-10 22:15:02] ============================================================
[2026-04-10 22:15:02] APEX - Autonomous Trade Check
[2026-04-10 22:15:02] ============================================================
[2026-04-10 22:15:02] 📍 Session: US
[2026-04-10 22:15:02] 
✅ ⏭️ APEX US: Skip – bereits getradet
[2026-04-10 22:15:02] ✅ Telegram message sent
[2026-04-10 22:15:02] NO_REPLY
[2026-04-10 22:45:01] ============================================================
[2026-04-10 22:45:01] APEX - Autonomous Trade Check
[2026-04-10 22:45:01] ============================================================
[2026-04-10 22:45:01] 📍 Session: US
[2026-04-10 22:45:01] 
✅ ⏭️ APEX US: Skip – bereits getradet
[2026-04-10 22:45:01] ✅ Telegram message sent
[2026-04-10 22:45:01] NO_REPLY
[2026-04-10 22:55:01] ✅ Credentials geladen: bg_289d1...
[2026-04-10 22:55:01] ✅ BitgetClient initialisiert [LIVE]
[2026-04-10 22:55:01] 🇺🇸 *USA Session Abschluss*

*Trade:* ✅ 🔴 *ETH SHORT* @ $2,243.3500
  SL: $2,256.7935 | TP1: $2,229.9065

*Account Equity:* $65.24 USDT
*P&L vs Start:* 📉 $-3.09 (-4.52%)
_(Startkapital: $68.33 USDT)_
[2026-04-10 22:55:01] ✅ Telegram message sent
[2026-04-10 22:55:01] NO_REPLY
[2026-04-13 21:00:01] ✅ Credentials geladen: bg_289d1...
[2026-04-13 21:00:01] ✅ BitgetClient initialisiert [LIVE]
[2026-04-13 21:00:04] 🇺🇸 APEX Pre-Market: USA (NY Open)

✅ Bitget API verbunden
💰 Balance: $63.13 USDT
📊 Keine offenen Positionen

ETH: $2,231.1000 | SOL: $83.1780 | AVAX: $9.2580 | XRP: $1.3397

✅ System bereit fuer USA (NY Open)
[2026-04-13 21:00:04] ✅ Telegram message sent
[2026-04-13 21:00:04] NO_REPLY
[2026-04-13 21:00:11] ============================================================
[2026-04-13 21:00:11] APEX - Autonomous Trade Check
[2026-04-13 21:00:11] ============================================================
[2026-04-13 21:00:11] 📍 Session: US
[2026-04-13 21:00:11] ✅ Credentials geladen: bg_289d1...
[2026-04-13 21:00:11] ✅ BitgetClient initialisiert [LIVE]
[2026-04-13 21:00:11] 
🔍 Suche Breakouts...
[2026-04-13 21:00:12]    ⏱️  Scan 21:00:12 | Candle-Close 21:00 | Latenz 12.1s
[2026-04-13 21:00:12]    ⏭️  ETH: Box 705 Min alt (Max 120 Min) – übersprungen
[2026-04-13 21:00:12]    ⏭️  SOL: Box 705 Min alt (Max 120 Min) – übersprungen
[2026-04-13 21:00:12]    ⏭️  XRP: Box 705 Min alt (Max 120 Min) – übersprungen
[2026-04-13 21:00:12]    🔍 APEX US: Kein Breakout – kein Trade
[2026-04-13 21:00:12] NO_REPLY
[2026-04-13 21:05:11] ============================================================
[2026-04-13 21:05:11] APEX - Autonomous Trade Check
[2026-04-13 21:05:11] ============================================================
[2026-04-13 21:05:11] 📍 Session: US
[2026-04-13 21:05:11] ✅ Credentials geladen: bg_289d1...
[2026-04-13 21:05:11] ✅ BitgetClient initialisiert [LIVE]
[2026-04-13 21:05:11] 
🔍 Suche Breakouts...
[2026-04-13 21:05:11]    ⏱️  Scan 21:05:11 | Candle-Close 21:05 | Latenz 11.6s
[2026-04-13 21:05:11]    ⏭️  ETH: Box 710 Min alt (Max 120 Min) – übersprungen
[2026-04-13 21:05:11]    ⏭️  SOL: Box 710 Min alt (Max 120 Min) – übersprungen
[2026-04-13 21:05:11]    ⏭️  XRP: Box 710 Min alt (Max 120 Min) – übersprungen
[2026-04-13 21:05:11]    🔍 APEX US: Kein Breakout – kein Trade
[2026-04-13 21:05:11] NO_REPLY
[2026-04-13 21:10:11] ============================================================
[2026-04-13 21:10:11] APEX - Autonomous Trade Check
[2026-04-13 21:10:11] ============================================================
[2026-04-13 21:10:11] 📍 Session: US
[2026-04-13 21:10:11] ✅ Credentials geladen: bg_289d1...
[2026-04-13 21:10:11] ✅ BitgetClient initialisiert [LIVE]
[2026-04-13 21:10:11] 
🔍 Suche Breakouts...
[2026-04-13 21:10:12]    ⏱️  Scan 21:10:12 | Candle-Close 21:10 | Latenz 12.2s
[2026-04-13 21:10:12]    ⏭️  ETH: Box 715 Min alt (Max 120 Min) – übersprungen
[2026-04-13 21:10:12]    ⏭️  SOL: Box 715 Min alt (Max 120 Min) – übersprungen
[2026-04-13 21:10:12]    ⏭️  XRP: Box 715 Min alt (Max 120 Min) – übersprungen
[2026-04-13 21:10:12]    🔍 APEX US: Kein Breakout – kein Trade
[2026-04-13 21:10:12] NO_REPLY
[2026-04-13 21:15:01] ✅ Credentials geladen: bg_289d1...
[2026-04-13 21:15:01] ✅ BitgetClient initialisiert [LIVE]
[2026-04-13 21:15:01] ============================================================
[2026-04-13 21:15:01] APEX - Opening Range Capture
[2026-04-13 21:15:01] ============================================================
[2026-04-13 21:15:01] 
📊 ETH:
[2026-04-13 21:15:01]    High: $2,234.90
[2026-04-13 21:15:01]    Low:  $2,226.69
[2026-04-13 21:15:01]    Range: $8.21
[2026-04-13 21:15:03] 
📊 SOL:
[2026-04-13 21:15:03]    High: $83.200
[2026-04-13 21:15:03]    Low:  $83.056
[2026-04-13 21:15:03]    Range: $0.144
[2026-04-13 21:15:04] ⚠️  AVAX: Box Range $0.0220 < Min $0.0400 – übersprungen
[2026-04-13 21:15:04] ⚠️  XRP: Box Range $0.0017 < Min $0.0030 – übersprungen
[2026-04-13 21:15:04] 
✅ Boxes saved to /root/apex-trading-bot/data/opening_range_boxes.json
[2026-04-13 21:15:04] NO_REPLY
[2026-04-13 21:15:11] ============================================================
[2026-04-13 21:15:11] APEX - Autonomous Trade Check
[2026-04-13 21:15:11] ============================================================
[2026-04-13 21:15:11] 📍 Session: US
[2026-04-13 21:15:11] ✅ Credentials geladen: bg_289d1...
[2026-04-13 21:15:11] ✅ BitgetClient initialisiert [LIVE]
[2026-04-13 21:15:11] 
🔍 Suche Breakouts...
[2026-04-13 21:15:11]    ⏱️  Scan 21:15:11 | Candle-Close 21:15 | Latenz 11.8s
[2026-04-13 21:15:12]    🔍 APEX US: Kein Breakout – kein Trade
[2026-04-13 21:15:12] NO_REPLY
[2026-04-13 21:20:11] ============================================================
[2026-04-13 21:20:11] APEX - Autonomous Trade Check
[2026-04-13 21:20:11] ============================================================
[2026-04-13 21:20:11] 📍 Session: US
[2026-04-13 21:20:11] ✅ Credentials geladen: bg_289d1...
[2026-04-13 21:20:11] ✅ BitgetClient initialisiert [LIVE]
[2026-04-13 21:20:11] 
🔍 Suche Breakouts...
[2026-04-13 21:20:12]    ⏱️  Scan 21:20:12 | Candle-Close 21:20 | Latenz 12.2s
[2026-04-13 21:20:12]    🔍 APEX US: Kein Breakout – kein Trade
[2026-04-13 21:20:12] NO_REPLY
[2026-04-13 21:25:12] ============================================================
[2026-04-13 21:25:12] APEX - Autonomous Trade Check
[2026-04-13 21:25:12] ============================================================
[2026-04-13 21:25:12] 📍 Session: US
[2026-04-13 21:25:12] ✅ Credentials geladen: bg_289d1...
[2026-04-13 21:25:12] ✅ BitgetClient initialisiert [LIVE]
[2026-04-13 21:25:12] 
🔍 Suche Breakouts...
[2026-04-13 21:25:12]    ⏱️  Scan 21:25:12 | Candle-Close 21:25 | Latenz 12.3s
[2026-04-13 21:25:12]    🕯️  ETH: Body 48% | Close-Pos 58% ↑ | Vol 2.84x
[2026-04-13 21:25:13]    📐 Trend-Kontext: EMA200=2218.8262 | ATR14=11.2191 | 15m=above ✅ | 4H=above ✅ | Box/ATR=0.732
[2026-04-13 21:25:13] 
🎯 BREAKOUT!
[2026-04-13 21:25:13]    ETH LONG
[2026-04-13 21:25:13]    Preis: $2,239.3600
[2026-04-13 21:25:13]    Box:   $2,226.6900 – $2,234.9000
[2026-04-13 21:25:13]    Distanz: $4.4600
[2026-04-13 21:25:13] 
💰 Balance: $63.13 USDT | Risk/Trade: $1.26
[2026-04-13 21:25:13] 
🚀 Führe long Trade aus...
[2026-04-13 21:25:14] ✅ Leverage 5x gesetzt für ETH
[2026-04-13 21:25:14]    🧹 Bereinige verbleibende TP/SL-Orders für ETH...
[2026-04-13 21:25:17]    📊 Market-Structure: OI=758342 | Long%=66.70% | Taker=0.441 | Funding=+0.0009%
[2026-04-13 21:25:23]    ✅ SL aktiv (Preset)
[2026-04-13 21:25:23]    ✅ TP1 1:1 @ $2,253.9494 (Size 0.04) gesetzt
[2026-04-13 21:25:23]    ✅ TP2 3:1 @ $2,283.4481 (Size 0.04) gesetzt
[2026-04-13 21:25:23] 
✅ TRADE AUSGEFÜHRT
[2026-04-13 21:25:23]    Entry:       $2,239.2000
[2026-04-13 21:25:23]    Size:        0.08
[2026-04-13 21:25:23]    Stop-Loss:   $2,224.4506  (Risk: $1.26)
[2026-04-13 21:25:23]    TP1 (1:1):   $2,253.9494  (Size 0.04)
[2026-04-13 21:25:23]    TP2 (3:1):   $2,283.4481  (Size 0.04)
[2026-04-13 21:25:23]    Hebel:       5x
[2026-04-13 21:25:24] ✅ Telegram message sent
[2026-04-13 21:25:24] NO_REPLY
[2026-04-13 21:30:11] ============================================================
[2026-04-13 21:30:11] APEX - Autonomous Trade Check
[2026-04-13 21:30:11] ============================================================
[2026-04-13 21:30:11] 📍 Session: US
[2026-04-13 21:30:11] 
✅ ⏭️ APEX US: Skip – bereits getradet
[2026-04-13 21:30:11] NO_REPLY
[2026-04-13 21:35:11] ============================================================
[2026-04-13 21:35:11] APEX - Autonomous Trade Check
[2026-04-13 21:35:11] ============================================================
[2026-04-13 21:35:11] 📍 Session: US
[2026-04-13 21:35:11] 
✅ ⏭️ APEX US: Skip – bereits getradet
[2026-04-13 21:35:11] NO_REPLY
[2026-04-13 21:40:11] ============================================================
[2026-04-13 21:40:11] APEX - Autonomous Trade Check
[2026-04-13 21:40:11] ============================================================
[2026-04-13 21:40:11] 📍 Session: US
[2026-04-13 21:40:11] 
✅ ⏭️ APEX US: Skip – bereits getradet
[2026-04-13 21:40:11] NO_REPLY
[2026-04-13 21:45:11] ============================================================
[2026-04-13 21:45:11] APEX - Autonomous Trade Check
[2026-04-13 21:45:11] ============================================================
[2026-04-13 21:45:11] 📍 Session: US
[2026-04-13 21:45:11] 
✅ ⏭️ APEX US: Skip – bereits getradet
[2026-04-13 21:45:11] NO_REPLY
[2026-04-13 21:50:12] ============================================================
[2026-04-13 21:50:12] APEX - Autonomous Trade Check
[2026-04-13 21:50:12] ============================================================
[2026-04-13 21:50:12] 📍 Session: US
[2026-04-13 21:50:12] 
✅ ⏭️ APEX US: Skip – bereits getradet
[2026-04-13 21:50:12] NO_REPLY
[2026-04-13 21:55:11] ============================================================
[2026-04-13 21:55:11] APEX - Autonomous Trade Check
[2026-04-13 21:55:11] ============================================================
[2026-04-13 21:55:11] 📍 Session: US
[2026-04-13 21:55:11] 
✅ ⏭️ APEX US: Skip – bereits getradet
[2026-04-13 21:55:11] NO_REPLY
[2026-04-13 22:00:11] ============================================================
[2026-04-13 22:00:11] APEX - Autonomous Trade Check
[2026-04-13 22:00:11] ============================================================
[2026-04-13 22:00:11] 📍 Session: US
[2026-04-13 22:00:11] 
✅ ⏭️ APEX US: Skip – bereits getradet
[2026-04-13 22:00:11] NO_REPLY
[2026-04-13 22:05:11] ============================================================
[2026-04-13 22:05:11] APEX - Autonomous Trade Check
[2026-04-13 22:05:11] ============================================================
[2026-04-13 22:05:11] 📍 Session: US
[2026-04-13 22:05:11] 
✅ ⏭️ APEX US: Skip – bereits getradet
[2026-04-13 22:05:11] NO_REPLY
[2026-04-13 22:10:11] ============================================================
[2026-04-13 22:10:11] APEX - Autonomous Trade Check
[2026-04-13 22:10:11] ============================================================
[2026-04-13 22:10:11] 📍 Session: US
[2026-04-13 22:10:11] 
✅ ⏭️ APEX US: Skip – bereits getradet
[2026-04-13 22:10:11] NO_REPLY
[2026-04-13 22:15:12] ============================================================
[2026-04-13 22:15:12] APEX - Autonomous Trade Check
[2026-04-13 22:15:12] ============================================================
[2026-04-13 22:15:12] 📍 Session: US
[2026-04-13 22:15:12] 
✅ ⏭️ APEX US: Skip – bereits getradet
[2026-04-13 22:15:12] NO_REPLY
[2026-04-13 22:20:11] ============================================================
[2026-04-13 22:20:11] APEX - Autonomous Trade Check
[2026-04-13 22:20:11] ============================================================
[2026-04-13 22:20:11] 📍 Session: US
[2026-04-13 22:20:11] 
✅ ⏭️ APEX US: Skip – bereits getradet
[2026-04-13 22:20:11] NO_REPLY
[2026-04-13 22:25:11] ============================================================
[2026-04-13 22:25:11] APEX - Autonomous Trade Check
[2026-04-13 22:25:11] ============================================================
[2026-04-13 22:25:11] 📍 Session: US
[2026-04-13 22:25:11] 
✅ ⏭️ APEX US: Skip – bereits getradet
[2026-04-13 22:25:11] NO_REPLY
[2026-04-13 22:30:11] ============================================================
[2026-04-13 22:30:11] APEX - Autonomous Trade Check
[2026-04-13 22:30:11] ============================================================
[2026-04-13 22:30:11] 📍 Session: US
[2026-04-13 22:30:11] 
✅ ⏭️ APEX US: Skip – bereits getradet
[2026-04-13 22:30:11] NO_REPLY
[2026-04-13 22:35:11] ============================================================
[2026-04-13 22:35:11] APEX - Autonomous Trade Check
[2026-04-13 22:35:11] ============================================================
[2026-04-13 22:35:11] 📍 Session: US
[2026-04-13 22:35:11] 
✅ ⏭️ APEX US: Skip – bereits getradet
[2026-04-13 22:35:11] NO_REPLY
[2026-04-13 22:40:12] ============================================================
[2026-04-13 22:40:12] APEX - Autonomous Trade Check
[2026-04-13 22:40:12] ============================================================
[2026-04-13 22:40:12] 📍 Session: US
[2026-04-13 22:40:12] 
✅ ⏭️ APEX US: Skip – bereits getradet
[2026-04-13 22:40:12] NO_REPLY
[2026-04-13 22:45:11] ============================================================
[2026-04-13 22:45:11] APEX - Autonomous Trade Check
[2026-04-13 22:45:11] ============================================================
[2026-04-13 22:45:11] 📍 Session: US
[2026-04-13 22:45:11] 
✅ ⏭️ APEX US: Skip – bereits getradet
[2026-04-13 22:45:11] NO_REPLY
[2026-04-13 22:50:11] ============================================================
[2026-04-13 22:50:11] APEX - Autonomous Trade Check
[2026-04-13 22:50:11] ============================================================
[2026-04-13 22:50:11] 📍 Session: US
[2026-04-13 22:50:11] 
✅ ⏭️ APEX US: Skip – bereits getradet
[2026-04-13 22:50:11] NO_REPLY
[2026-04-13 22:55:01] ✅ Credentials geladen: bg_289d1...
[2026-04-13 22:55:01] ✅ BitgetClient initialisiert [LIVE]
[2026-04-13 22:55:02] 🇺🇸 *USA Session Abschluss*

*Trade:* ✅ 🟢 *ETH LONG* @ $2,239.2000
  SL: $2,224.4506 | TP1: $2,253.9494

*Account Equity:* $63.98 USDT
*P&L vs Start:* 📉 $-4.35 (-6.36%)
_(Startkapital: $68.33 USDT)_
[2026-04-13 22:55:02] ✅ Telegram message sent
[2026-04-13 22:55:02] NO_REPLY
[2026-04-13 22:55:11] ============================================================
[2026-04-13 22:55:11] APEX - Autonomous Trade Check
[2026-04-13 22:55:11] ============================================================
[2026-04-13 22:55:11] 📍 Session: US
[2026-04-13 22:55:11] 
✅ ⏭️ APEX US: Skip – bereits getradet
[2026-04-13 22:55:11] NO_REPLY
[2026-04-14 21:00:01] ✅ Credentials geladen: bg_289d1...
[2026-04-14 21:00:01] ✅ BitgetClient initialisiert [LIVE]
[2026-04-14 21:00:03] 🇺🇸 APEX Pre-Market: USA (NY Open)

✅ Bitget API verbunden
💰 Balance: $66.22 USDT
📊 Offene Positionen: 1
  AVAX SHORT | Entry: $9.58 | 🟢 P&L: $+1.61

ETH: $2,311.3800 | SOL: $83.9990 | AVAX: $9.2460 | XRP: $1.3534

✅ System bereit fuer USA (NY Open)
[2026-04-14 21:00:03] ✅ Telegram message sent
[2026-04-14 21:00:03] NO_REPLY
[2026-04-14 21:00:11] ============================================================
[2026-04-14 21:00:11] APEX - Autonomous Trade Check
[2026-04-14 21:00:11] ============================================================
[2026-04-14 21:00:11] 📍 Session: US
[2026-04-14 21:00:11] ✅ Credentials geladen: bg_289d1...
[2026-04-14 21:00:11] ✅ BitgetClient initialisiert [LIVE]
[2026-04-14 21:00:11] 
🔍 Suche Breakouts...
[2026-04-14 21:00:11]    ⏱️  Scan 21:00:11 | Candle-Close 21:00 | Latenz 11.6s
[2026-04-14 21:00:11]    ⏭️  ETH: Box 705 Min alt (Max 120 Min) – übersprungen
[2026-04-14 21:00:11]    ⏭️  SOL: Box 705 Min alt (Max 120 Min) – übersprungen
[2026-04-14 21:00:11]    ⏭️  AVAX: übersprungen (Position bereits offen)
[2026-04-14 21:00:11]    ⏭️  XRP: Box 705 Min alt (Max 120 Min) – übersprungen
[2026-04-14 21:00:11] 
📊 Bestehende Positionen: AVAX SHORT
[2026-04-14 21:00:11]    🔍 APEX US: Kein Breakout – kein Trade
[2026-04-14 21:00:11] NO_REPLY
[2026-04-14 21:05:11] ============================================================
[2026-04-14 21:05:11] APEX - Autonomous Trade Check
[2026-04-14 21:05:11] ============================================================
[2026-04-14 21:05:11] 📍 Session: US
[2026-04-14 21:05:11] ✅ Credentials geladen: bg_289d1...
[2026-04-14 21:05:11] ✅ BitgetClient initialisiert [LIVE]
[2026-04-14 21:05:11] 
🔍 Suche Breakouts...
[2026-04-14 21:05:12]    ⏱️  Scan 21:05:12 | Candle-Close 21:05 | Latenz 12.2s
[2026-04-14 21:05:12]    ⏭️  ETH: Box 710 Min alt (Max 120 Min) – übersprungen
[2026-04-14 21:05:12]    ⏭️  SOL: Box 710 Min alt (Max 120 Min) – übersprungen
[2026-04-14 21:05:12]    ⏭️  AVAX: übersprungen (Position bereits offen)
[2026-04-14 21:05:12]    ⏭️  XRP: Box 710 Min alt (Max 120 Min) – übersprungen
[2026-04-14 21:05:12] 
📊 Bestehende Positionen: AVAX SHORT
[2026-04-14 21:05:12]    🔍 APEX US: Kein Breakout – kein Trade
[2026-04-14 21:05:12] NO_REPLY
[2026-04-14 21:10:11] ============================================================
[2026-04-14 21:10:11] APEX - Autonomous Trade Check
[2026-04-14 21:10:11] ============================================================
[2026-04-14 21:10:11] 📍 Session: US
[2026-04-14 21:10:11] ✅ Credentials geladen: bg_289d1...
[2026-04-14 21:10:11] ✅ BitgetClient initialisiert [LIVE]
[2026-04-14 21:10:11] 
🔍 Suche Breakouts...
[2026-04-14 21:10:11]    ⏱️  Scan 21:10:11 | Candle-Close 21:10 | Latenz 11.7s
[2026-04-14 21:10:11]    ⏭️  ETH: Box 715 Min alt (Max 120 Min) – übersprungen
[2026-04-14 21:10:11]    ⏭️  SOL: Box 715 Min alt (Max 120 Min) – übersprungen
[2026-04-14 21:10:11]    ⏭️  AVAX: übersprungen (Position bereits offen)
[2026-04-14 21:10:11]    ⏭️  XRP: Box 715 Min alt (Max 120 Min) – übersprungen
[2026-04-14 21:10:11] 
📊 Bestehende Positionen: AVAX SHORT
[2026-04-14 21:10:11]    🔍 APEX US: Kein Breakout – kein Trade
[2026-04-14 21:10:11] NO_REPLY
[2026-04-14 21:15:01] ✅ Credentials geladen: bg_289d1...
[2026-04-14 21:15:01] ✅ BitgetClient initialisiert [LIVE]
[2026-04-14 21:15:01] ============================================================
[2026-04-14 21:15:01] APEX - Opening Range Capture
[2026-04-14 21:15:01] ============================================================
[2026-04-14 21:15:02] 
📊 ETH:
[2026-04-14 21:15:02]    High: $2,321.34
[2026-04-14 21:15:02]    Low:  $2,309.25
[2026-04-14 21:15:02]    Range: $12.09
[2026-04-14 21:15:03] 
📊 SOL:
[2026-04-14 21:15:03]    High: $84.263
[2026-04-14 21:15:03]    Low:  $83.929
[2026-04-14 21:15:03]    Range: $0.334
[2026-04-14 21:15:04] 
📊 AVAX:
[2026-04-14 21:15:04]    High: $9.309
[2026-04-14 21:15:04]    Low:  $9.241
[2026-04-14 21:15:04]    Range: $0.068
[2026-04-14 21:15:06] 
📊 XRP:
[2026-04-14 21:15:06]    High: $1.3582
[2026-04-14 21:15:06]    Low:  $1.3529
[2026-04-14 21:15:06]    Range: $0.0053
[2026-04-14 21:15:07] 
✅ Boxes saved to /root/apex-trading-bot/data/opening_range_boxes.json
[2026-04-14 21:15:07] NO_REPLY
[2026-04-14 21:15:11] ============================================================
[2026-04-14 21:15:11] APEX - Autonomous Trade Check
[2026-04-14 21:15:11] ============================================================
[2026-04-14 21:15:11] 📍 Session: US
[2026-04-14 21:15:11] ✅ Credentials geladen: bg_289d1...
[2026-04-14 21:15:11] ✅ BitgetClient initialisiert [LIVE]
[2026-04-14 21:15:11] 
🔍 Suche Breakouts...
[2026-04-14 21:15:12]    ⏱️  Scan 21:15:12 | Candle-Close 21:15 | Latenz 12.2s
[2026-04-14 21:15:12]    ⏭️  AVAX: übersprungen (Position bereits offen)
[2026-04-14 21:15:13] 
📊 Bestehende Positionen: AVAX SHORT
[2026-04-14 21:15:13]    🔍 APEX US: Kein Breakout – kein Trade
[2026-04-14 21:15:13] NO_REPLY
[2026-04-14 21:20:11] ============================================================
[2026-04-14 21:20:11] APEX - Autonomous Trade Check
[2026-04-14 21:20:11] ============================================================
[2026-04-14 21:20:11] 📍 Session: US
[2026-04-14 21:20:11] ✅ Credentials geladen: bg_289d1...
[2026-04-14 21:20:11] ✅ BitgetClient initialisiert [LIVE]
[2026-04-14 21:20:11] 
🔍 Suche Breakouts...
[2026-04-14 21:20:11]    ⏱️  Scan 21:20:11 | Candle-Close 21:20 | Latenz 11.8s
[2026-04-14 21:20:12]    ⏭️  AVAX: übersprungen (Position bereits offen)
[2026-04-14 21:20:12] 
📊 Bestehende Positionen: AVAX SHORT
[2026-04-14 21:20:12]    🔍 APEX US: Kein Breakout – kein Trade
[2026-04-14 21:20:12] NO_REPLY
[2026-04-14 21:25:11] ============================================================
[2026-04-14 21:25:11] APEX - Autonomous Trade Check
[2026-04-14 21:25:11] ============================================================
[2026-04-14 21:25:11] 📍 Session: US
[2026-04-14 21:25:11] ✅ Credentials geladen: bg_289d1...
[2026-04-14 21:25:11] ✅ BitgetClient initialisiert [LIVE]
[2026-04-14 21:25:11] 
🔍 Suche Breakouts...
[2026-04-14 21:25:12]    ⏱️  Scan 21:25:12 | Candle-Close 21:25 | Latenz 12.3s
[2026-04-14 21:25:12]    🕯️  ETH: Body 87% | Close-Pos 1% ↓ | Vol 1.13x
[2026-04-14 21:25:13]    📐 Trend-Kontext: EMA200=2271.2662 | ATR14=13.6994 | 15m=above ❌ | 4H=above ❌ | Box/ATR=0.883
[2026-04-14 21:25:13] 
🎯 BREAKOUT!
[2026-04-14 21:25:13]    ETH SHORT
[2026-04-14 21:25:13]    Preis: $2,305.8800
[2026-04-14 21:25:13]    Box:   $2,309.2500 – $2,321.3400
[2026-04-14 21:25:13]    Distanz: $3.3700
[2026-04-14 21:25:13] 
💰 Balance: $66.19 USDT | Risk/Trade: $1.32
[2026-04-14 21:25:13] 
🚀 Führe short Trade aus...
[2026-04-14 21:25:14] ✅ Leverage 5x gesetzt für ETH
[2026-04-14 21:25:14]    🧹 Bereinige verbleibende TP/SL-Orders für ETH...
[2026-04-14 21:25:17]    📊 Market-Structure: OI=757789 | Long%=58.44% | Taker=0.645 | Funding=-0.0147%
[2026-04-14 21:25:23]    ✅ SL aktiv (Preset)
[2026-04-14 21:25:23]    ✅ TP1 1:1 @ $2,286.6741 (Size 0.04) gesetzt
[2026-04-14 21:25:23]    ✅ TP2 3:1 @ $2,249.7024 (Size 0.03) gesetzt
[2026-04-14 21:25:23] 
✅ TRADE AUSGEFÜHRT
[2026-04-14 21:25:23]    Entry:       $2,305.1600
[2026-04-14 21:25:23]    Size:        0.07
[2026-04-14 21:25:23]    Stop-Loss:   $2,323.6459  (Risk: $1.32)
[2026-04-14 21:25:23]    TP1 (1:1):   $2,286.6741  (Size 0.04)
[2026-04-14 21:25:23]    TP2 (3:1):   $2,249.7024  (Size 0.03)
[2026-04-14 21:25:23]    Hebel:       5x
[2026-04-14 21:25:24] ✅ Telegram message sent
[2026-04-14 21:25:24] NO_REPLY
